{"meta": {"format": 3, "version": "7.11.3", "timestamp": "2025-11-18T17:17:36.619666", "branch_coverage": true, "show_contexts": false}, "files": {"src/pysophoscentralapi/__init__.py": {"executed_lines": [1, 17, 20], "summary": {"covered_lines": 2, "num_statements": 2, "percent_covered": 100.0, "percent_covered_display": "100", "missing_lines": 0, "excluded_lines": 0, "num_branches": 0, "num_partial_branches": 0, "covered_branches": 0, "missing_branches": 0}, "missing_lines": [], "excluded_lines": [], "executed_branches": [], "missing_branches": [], "functions": {"": {"executed_lines": [1, 17, 20], "summary": {"covered_lines": 2, "num_statements": 2, "percent_covered": 100.0, "percent_covered_display": "100", "missing_lines": 0, "excluded_lines": 0, "num_branches": 0, "num_partial_branches": 0, "covered_branches": 0, "missing_branches": 0}, "missing_lines": [], "excluded_lines": [], "executed_branches": [], "missing_branches": []}}, "classes": {"": {"executed_lines": [1, 17, 20], "summary": {"covered_lines": 2, "num_statements": 2, "percent_covered": 100.0, "percent_covered_display": "100", "missing_lines": 0, "excluded_lines": 0, "num_branches": 0, "num_partial_branches": 0, "covered_branches": 0, "missing_branches": 0}, "missing_lines": [], "excluded_lines": [], "executed_branches": [], "missing_branches": []}}}, "src/pysophoscentralapi/__version__.py": {"executed_lines": [1, 3], "summary": {"covered_lines": 1, "num_statements": 1, "percent_covered": 100.0, "percent_covered_display": "100", "missing_lines": 0, "excluded_lines": 0, "num_branches": 0, "num_partial_branches": 0, "covered_branches": 0, "missing_branches": 0}, "missing_lines": [], "excluded_lines": [], "executed_branches": [], "missing_branches": [], "functions": {"": {"executed_lines": [1, 3], "summary": {"covered_lines": 1, "num_statements": 1, "percent_covered": 100.0, "percent_covered_display": "100", "missing_lines": 0, "excluded_lines": 0, "num_branches": 0, "num_partial_branches": 0, "covered_branches": 0, "missing_branches": 0}, "missing_lines": [], "excluded_lines": [], "executed_branches": [], "missing_branches": []}}, "classes": {"": {"executed_lines": [1, 3], "summary": {"covered_lines": 1, "num_statements": 1, "percent_covered": 100.0, "percent_covered_display": "100", "missing_lines": 0, "excluded_lines": 0, "num_branches": 0, "num_partial_branches": 0, "covered_branches": 0, "missing_branches": 0}, "missing_lines": [], "excluded_lines": [], "executed_branches": [], "missing_branches": []}}}, "src/pysophoscentralapi/api/__init__.py": {"executed_lines": [1], "summary": {"covered_lines": 0, "num_statements": 0, "percent_covered": 100.0, "percent_covered_display": "100", "missing_lines": 0, "excluded_lines": 0, "num_branches": 0, "num_partial_branches": 0, "covered_branches": 0, "missing_branches": 0}, "missing_lines": [], "excluded_lines": [], "executed_branches": [], "missing_branches": [], "functions": {"": {"executed_lines": [1], "summary": {"covered_lines": 0, "num_statements": 0, "percent_covered": 100.0, "percent_covered_display": "100", "missing_lines": 0, "excluded_lines": 0, "num_branches": 0, "num_partial_branches": 0, "covered_branches": 0, "missing_branches": 0}, "missing_lines": [], "excluded_lines": [], "executed_branches": [], "missing_branches": []}}, "classes": {"": {"executed_lines": [1], "summary": {"covered_lines": 0, "num_statements": 0, "percent_covered": 100.0, "percent_covered_display": "100", "missing_lines": 0, "excluded_lines": 0, "num_branches": 0, "num_partial_branches": 0, "covered_branches": 0, "missing_branches": 0}, "missing_lines": [], "excluded_lines": [], "executed_branches": [], "missing_branches": []}}}, "src/pysophoscentralapi/api/common/__init__.py": {"executed_lines": [1, 10, 11, 12, 21, 22, 23, 26, 27, 59, 65, 66, 67, 68, 69, 72], "summary": {"covered_lines": 14, "num_statements": 14, "percent_covered": 100.0, "percent_covered_display": "100", "missing_lines": 0, "excluded_lines": 1, "num_branches": 0, "num_partial_branches": 0, "covered_branches": 0, "missing_branches": 0}, "missing_lines": [], "excluded_lines": [27], "executed_branches": [], "missing_branches": [], "functions": {"CommonAPI.__init__": {"executed_lines": [65, 66, 67, 68, 69], "summary": {"covered_lines": 5, "num_statements": 5, "percent_covered": 100.0, "percent_covered_display": "100", "missing_lines": 0, "excluded_lines": 0, "num_branches": 0, "num_partial_branches": 0, "covered_branches": 0, "missing_branches": 0}, "missing_lines": [], "excluded_lines": [], "executed_branches": [], "missing_branches": []}, "": {"executed_lines": [1, 10, 11, 12, 21, 22, 23, 26, 27, 59, 72], "summary": {"covered_lines": 9, "num_statements": 9, "percent_covered": 100.0, "percent_covered_display": "100", "missing_lines": 0, "excluded_lines": 1, "num_branches": 0, "num_partial_branches": 0, "covered_branches": 0, "missing_branches": 0}, "missing_lines": [], "excluded_lines": [27], "executed_branches": [], "missing_branches": []}}, "classes": {"CommonAPI": {"executed_lines": [65, 66, 67, 68, 69], "summary": {"covered_lines": 5, "num_statements": 5, "percent_covered": 100.0, "percent_covered_display": "100", "missing_lines": 0, "excluded_lines": 0, "num_branches": 0, "num_partial_branches": 0, "covered_branches": 0, "missing_branches": 0}, "missing_lines": [], "excluded_lines": [], "executed_branches": [], "missing_branches": []}, "": {"executed_lines": [1, 10, 11, 12, 21, 22, 23, 26, 27, 59, 72], "summary": {"covered_lines": 9, "num_statements": 9, "percent_covered": 100.0, "percent_covered_display": "100", "missing_lines": 0, "excluded_lines": 1, "num_branches": 0, "num_partial_branches": 0, "covered_branches": 0, "missing_branches": 0}, "missing_lines": [], "excluded_lines": [27], "executed_branches": [], "missing_branches": []}}}, "src/pysophoscentralapi/api/common/admins.py": {"executed_lines": [1, 6, 8, 13, 16, 17, 33, 39, 40, 42, 56, 57, 58, 60, 77, 78, 80, 113, 120, 124, 126, 159, 166, 170, 172, 188], "summary": {"covered_lines": 24, "num_statements": 24, "percent_covered": 100.0, "percent_covered_display": "100", "missing_lines": 0, "excluded_lines": 0, "num_branches": 0, "num_partial_branches": 0, "covered_branches": 0, "missing_branches": 0}, "missing_lines": [], "excluded_lines": [], "executed_branches": [], "missing_branches": [], "functions": {"AdminsAPI.__init__": {"executed_lines": [39, 40], "summary": {"covered_lines": 2, "num_statements": 2, "percent_covered": 100.0, "percent_covered_display": "100", "missing_lines": 0, "excluded_lines": 0, "num_branches": 0, "num_partial_branches": 0, "covered_branches": 0, "missing_branches": 0}, "missing_lines": [], "excluded_lines": [], "executed_branches": [], "missing_branches": []}, "AdminsAPI.list_admins": {"executed_lines": [56, 57, 58], "summary": {"covered_lines": 3, "num_statements": 3, "percent_covered": 100.0, "percent_covered_display": "100", "missing_lines": 0, "excluded_lines": 0, "num_branches": 0, "num_partial_branches": 0, "covered_branches": 0, "missing_branches": 0}, "missing_lines": [], "excluded_lines": [], "executed_branches": [], "missing_branches": []}, "AdminsAPI.get_admin": {"executed_lines": [77, 78], "summary": {"covered_lines": 2, "num_statements": 2, "percent_covered": 100.0, "percent_covered_display": "100", "missing_lines": 0, "excluded_lines": 0, "num_branches": 0, "num_partial_branches": 0, "covered_branches": 0, "missing_branches": 0}, "missing_lines": [], "excluded_lines": [], "executed_branches": [], "missing_branches": []}, "AdminsAPI.create_admin": {"executed_lines": [113, 120, 124], "summary": {"covered_lines": 3, "num_statements": 3, "percent_covered": 100.0, "percent_covered_display": "100", "missing_lines": 0, "excluded_lines": 0, "num_branches": 0, "num_partial_branches": 0, "covered_branches": 0, "missing_branches": 0}, "missing_lines": [], "excluded_lines": [], "executed_branches": [], "missing_branches": []}, "AdminsAPI.update_admin": {"executed_lines": [159, 166, 170], "summary": {"covered_lines": 3, "num_statements": 3, "percent_covered": 100.0, "percent_covered_display": "100", "missing_lines": 0, "excluded_lines": 0, "num_branches": 0, "num_partial_branches": 0, "covered_branches": 0, "missing_branches": 0}, "missing_lines": [], "excluded_lines": [], "executed_branches": [], "missing_branches": []}, "AdminsAPI.delete_admin": {"executed_lines": [188], "summary": {"covered_lines": 1, "num_statements": 1, "percent_covered": 100.0, "percent_covered_display": "100", "missing_lines": 0, "excluded_lines": 0, "num_branches": 0, "num_partial_branches": 0, "covered_branches": 0, "missing_branches": 0}, "missing_lines": [], "excluded_lines": [], "executed_branches": [], "missing_branches": []}, "": {"executed_lines": [1, 6, 8, 13, 16, 17, 33, 42, 60, 80, 126, 172], "summary": {"covered_lines": 10, "num_statements": 10, "percent_covered": 100.0, "percent_covered_display": "100", "missing_lines": 0, "excluded_lines": 0, "num_branches": 0, "num_partial_branches": 0, "covered_branches": 0, "missing_branches": 0}, "missing_lines": [], "excluded_lines": [], "executed_branches": [], "missing_branches": []}}, "classes": {"AdminsAPI": {"executed_lines": [39, 40, 56, 57, 58, 77, 78, 113, 120, 124, 159, 166, 170, 188], "summary": {"covered_lines": 14, "num_statements": 14, "percent_covered": 100.0, "percent_covered_display": "100", "missing_lines": 0, "excluded_lines": 0, "num_branches": 0, "num_partial_branches": 0, "covered_branches": 0, "missing_branches": 0}, "missing_lines": [], "excluded_lines": [], "executed_branches": [], "missing_branches": []}, "": {"executed_lines": [1, 6, 8, 13, 16, 17, 33, 42, 60, 80, 126, 172], "summary": {"covered_lines": 10, "num_statements": 10, "percent_covered": 100.0, "percent_covered_display": "100", "missing_lines": 0, "excluded_lines": 0, "num_branches": 0, "num_partial_branches": 0, "covered_branches": 0, "missing_branches": 0}, "missing_lines": [], "excluded_lines": [], "executed_branches": [], "missing_branches": []}}}, "src/pysophoscentralapi/api/common/alerts.py": {"executed_lines": [1, 7, 9, 14, 15, 16, 19, 20, 37, 43, 44, 46, 72, 73, 75, 76, 79, 81, 86, 103, 104, 106, 134, 135, 140, 163, 166, 171], "summary": {"covered_lines": 26, "num_statements": 30, "percent_covered": 80.55555555555556, "percent_covered_display": "81", "missing_lines": 4, "excluded_lines": 0, "num_branches": 6, "num_partial_branches": 1, "covered_branches": 3, "missing_branches": 3}, "missing_lines": [164, 167, 168, 169], "excluded_lines": [], "executed_branches": [[72, 73], [72, 75], [163, 166]], "missing_branches": [[163, 164], [167, 168], [167, 169]], "functions": {"AlertsAPI.__init__": {"executed_lines": [43, 44], "summary": {"covered_lines": 2, "num_statements": 2, "percent_covered": 100.0, "percent_covered_display": "100", "missing_lines": 0, "excluded_lines": 0, "num_branches": 0, "num_partial_branches": 0, "covered_branches": 0, "missing_branches": 0}, "missing_lines": [], "excluded_lines": [], "executed_branches": [], "missing_branches": []}, "AlertsAPI.list_alerts": {"executed_lines": [72, 73, 75, 76, 79, 81], "summary": {"covered_lines": 6, "num_statements": 6, "percent_covered": 100.0, "percent_covered_display": "100", "missing_lines": 0, "excluded_lines": 0, "num_branches": 2, "num_partial_branches": 0, "covered_branches": 2, "missing_branches": 0}, "missing_lines": [], "excluded_lines": [], "executed_branches": [[72, 73], [72, 75]], "missing_branches": []}, "AlertsAPI.get_alert": {"executed_lines": [103, 104], "summary": {"covered_lines": 2, "num_statements": 2, "percent_covered": 100.0, "percent_covered_display": "100", "missing_lines": 0, "excluded_lines": 0, "num_branches": 0, "num_partial_branches": 0, "covered_branches": 0, "missing_branches": 0}, "missing_lines": [], "excluded_lines": [], "executed_branches": [], "missing_branches": []}, "AlertsAPI.perform_action": {"executed_lines": [134, 135], "summary": {"covered_lines": 2, "num_statements": 2, "percent_covered": 100.0, "percent_covered_display": "100", "missing_lines": 0, "excluded_lines": 0, "num_branches": 0, "num_partial_branches": 0, "covered_branches": 0, "missing_branches": 0}, "missing_lines": [], "excluded_lines": [], "executed_branches": [], "missing_branches": []}, "AlertsAPI.paginate_alerts": {"executed_lines": [163, 166, 171], "summary": {"covered_lines": 3, "num_statements": 4, "percent_covered": 66.66666666666667, "percent_covered_display": "67", "missing_lines": 1, "excluded_lines": 0, "num_branches": 2, "num_partial_branches": 1, "covered_branches": 1, "missing_branches": 1}, "missing_lines": [164], "excluded_lines": [], "executed_branches": [[163, 166]], "missing_branches": [[163, 164]]}, "AlertsAPI.paginate_alerts.fetch_page": {"executed_lines": [], "summary": {"covered_lines": 0, "num_statements": 3, "percent_covered": 0.0, "percent_covered_display": "0", "missing_lines": 3, "excluded_lines": 0, "num_branches": 2, "num_partial_branches": 0, "covered_branches": 0, "missing_branches": 2}, "missing_lines": [167, 168, 169], "excluded_lines": [], "executed_branches": [], "missing_branches": [[167, 168], [167, 169]]}, "": {"executed_lines": [1, 7, 9, 14, 15, 16, 19, 20, 37, 46, 86, 106, 140], "summary": {"covered_lines": 11, "num_statements": 11, "percent_covered": 100.0, "percent_covered_display": "100", "missing_lines": 0, "excluded_lines": 0, "num_branches": 0, "num_partial_branches": 0, "covered_branches": 0, "missing_branches": 0}, "missing_lines": [], "excluded_lines": [], "executed_branches": [], "missing_branches": []}}, "classes": {"AlertsAPI": {"executed_lines": [43, 44, 72, 73, 75, 76, 79, 81, 103, 104, 134, 135, 163, 166, 171], "summary": {"covered_lines": 15, "num_statements": 19, "percent_covered": 72.0, "percent_covered_display": "72", "missing_lines": 4, "excluded_lines": 0, "num_branches": 6, "num_partial_branches": 1, "covered_branches": 3, "missing_branches": 3}, "missing_lines": [164, 167, 168, 169], "excluded_lines": [], "executed_branches": [[72, 73], [72, 75], [163, 166]], "missing_branches": [[163, 164], [167, 168], [167, 169]]}, "": {"executed_lines": [1, 7, 9, 14, 15, 16, 19, 20, 37, 46, 86, 106, 140], "summary": {"covered_lines": 11, "num_statements": 11, "percent_covered": 100.0, "percent_covered_display": "100", "missing_lines": 0, "excluded_lines": 0, "num_branches": 0, "num_partial_branches": 0, "covered_branches": 0, "missing_branches": 0}, "missing_lines": [], "excluded_lines": [], "executed_branches": [], "missing_branches": []}}}, "src/pysophoscentralapi/api/common/models.py": {"executed_lines": [1, 7, 8, 10, 12, 18, 19, 21, 22, 23, 24, 27, 28, 30, 31, 32, 33, 34, 35, 36, 37, 40, 41, 43, 44, 45, 46, 47, 48, 49, 52, 53, 55, 56, 57, 58, 59, 60, 61, 62, 65, 66, 73, 74, 77, 78, 85, 86, 89, 90, 97, 98, 101, 102, 120, 121, 122, 123, 124, 125, 126, 127, 128, 129, 130, 131, 132, 135, 136, 151, 152, 153, 154, 155, 156, 157, 158, 159, 160, 162, 168, 170, 171, 173, 177, 178, 179, 181, 182, 183, 185, 189, 190, 191, 194, 197, 198, 205, 206, 212, 213, 215, 216, 217, 218, 219, 222, 223, 225, 226, 227, 230, 231, 237, 240, 241, 255, 256, 257, 258, 259, 260, 261, 262, 263, 266, 267, 277, 278, 279, 280, 281, 283, 285, 287, 288, 290, 291, 292, 294, 295, 297, 303, 304, 311, 312, 315, 316, 323, 324, 327, 328, 340, 341, 342, 343, 344, 345, 346, 349, 350, 360, 361, 362, 363, 364, 367, 368, 378, 379, 380, 381, 382, 388, 389, 396, 397, 400, 401, 411, 412, 413, 414, 415, 418, 419, 427, 428, 429, 432, 433, 441, 442, 443], "summary": {"covered_lines": 169, "num_statements": 177, "percent_covered": 92.11822660098522, "percent_covered_display": "92", "missing_lines": 8, "excluded_lines": 0, "num_branches": 26, "num_partial_branches": 8, "covered_branches": 18, "missing_branches": 8}, "missing_lines": [172, 174, 180, 184, 186, 192, 289, 293], "excluded_lines": [], "executed_branches": [[171, 173], [173, 177], [177, 178], [177, 179], [179, 181], [181, 182], [181, 183], [183, 185], [185, 189], [189, 190], [189, 191], [191, 194], [288, 290], [290, 291], [290, 292], [292, 294], [294, 295], [294, 297]], "missing_branches": [[171, 172], [173, 174], [179, 180], [183, 184], [185, 186], [191, 192], [288, 289], [292, 293]], "functions": {"AlertFilters.to_params": {"executed_lines": [168, 170, 171, 173, 177, 178, 179, 181, 182, 183, 185, 189, 190, 191, 194], "summary": {"covered_lines": 15, "num_statements": 21, "percent_covered": 69.23076923076923, "percent_covered_display": "69", "missing_lines": 6, "excluded_lines": 0, "num_branches": 18, "num_partial_branches": 6, "covered_branches": 12, "missing_branches": 6}, "missing_lines": [172, 174, 180, 184, 186, 192], "excluded_lines": [], "executed_branches": [[171, 173], [173, 177], [177, 178], [177, 179], [179, 181], [181, 182], [181, 183], [183, 185], [185, 189], [189, 190], [189, 191], [191, 194]], "missing_branches": [[171, 172], [173, 174], [179, 180], [183, 184], [185, 186], [191, 192]]}, "TenantFilters.to_params": {"executed_lines": [285, 287, 288, 290, 291, 292, 294, 295, 297], "summary": {"covered_lines": 9, "num_statements": 11, "percent_covered": 78.94736842105263, "percent_covered_display": "79", "missing_lines": 2, "excluded_lines": 0, "num_branches": 8, "num_partial_branches": 2, "covered_branches": 6, "missing_branches": 2}, "missing_lines": [289, 293], "excluded_lines": [], "executed_branches": [[288, 290], [290, 291], [290, 292], [292, 294], [294, 295], [294, 297]], "missing_branches": [[288, 289], [292, 293]]}, "": {"executed_lines": [1, 7, 8, 10, 12, 18, 19, 21, 22, 23, 24, 27, 28, 30, 31, 32, 33, 34, 35, 36, 37, 40, 41, 43, 44, 45, 46, 47, 48, 49, 52, 53, 55, 56, 57, 58, 59, 60, 61, 62, 65, 66, 73, 74, 77, 78, 85, 86, 89, 90, 97, 98, 101, 102, 120, 121, 122, 123, 124, 125, 126, 127, 128, 129, 130, 131, 132, 135, 136, 151, 152, 153, 154, 155, 156, 157, 158, 159, 160, 162, 197, 198, 205, 206, 212, 213, 215, 216, 217, 218, 219, 222, 223, 225, 226, 227, 230, 231, 237, 240, 241, 255, 256, 257, 258, 259, 260, 261, 262, 263, 266, 267, 277, 278, 279, 280, 281, 283, 303, 304, 311, 312, 315, 316, 323, 324, 327, 328, 340, 341, 342, 343, 344, 345, 346, 349, 350, 360, 361, 362, 363, 364, 367, 368, 378, 379, 380, 381, 382, 388, 389, 396, 397, 400, 401, 411, 412, 413, 414, 415, 418, 419, 427, 428, 429, 432, 433, 441, 442, 443], "summary": {"covered_lines": 145, "num_statements": 145, "percent_covered": 100.0, "percent_covered_display": "100", "missing_lines": 0, "excluded_lines": 0, "num_branches": 0, "num_partial_branches": 0, "covered_branches": 0, "missing_branches": 0}, "missing_lines": [], "excluded_lines": [], "executed_branches": [], "missing_branches": []}}, "classes": {"AlertSeverity": {"executed_lines": [], "summary": {"covered_lines": 0, "num_statements": 0, "percent_covered": 100.0, "percent_covered_display": "100", "missing_lines": 0, "excluded_lines": 0, "num_branches": 0, "num_partial_branches": 0, "covered_branches": 0, "missing_branches": 0}, "missing_lines": [], "excluded_lines": [], "executed_branches": [], "missing_branches": []}, "AlertCategory": {"executed_lines": [], "summary": {"covered_lines": 0, "num_statements": 0, "percent_covered": 100.0, "percent_covered_display": "100", "missing_lines": 0, "excluded_lines": 0, "num_branches": 0, "num_partial_branches": 0, "covered_branches": 0, "missing_branches": 0}, "missing_lines": [], "excluded_lines": [], "executed_branches": [], "missing_branches": []}, "AlertProduct": {"executed_lines": [], "summary": {"covered_lines": 0, "num_statements": 0, "percent_covered": 100.0, "percent_covered_display": "100", "missing_lines": 0, "excluded_lines": 0, "num_branches": 0, "num_partial_branches": 0, "covered_branches": 0, "missing_branches": 0}, "missing_lines": [], "excluded_lines": [], "executed_branches": [], "missing_branches": []}, "AlertAction": {"executed_lines": [], "summary": {"covered_lines": 0, "num_statements": 0, "percent_covered": 100.0, "percent_covered_display": "100", "missing_lines": 0, "excluded_lines": 0, "num_branches": 0, "num_partial_branches": 0, "covered_branches": 0, "missing_branches": 0}, "missing_lines": [], "excluded_lines": [], "executed_branches": [], "missing_branches": []}, "ManagedAgent": {"executed_lines": [], "summary": {"covered_lines": 0, "num_statements": 0, "percent_covered": 100.0, "percent_covered_display": "100", "missing_lines": 0, "excluded_lines": 0, "num_branches": 0, "num_partial_branches": 0, "covered_branches": 0, "missing_branches": 0}, "missing_lines": [], "excluded_lines": [], "executed_branches": [], "missing_branches": []}, "Person": {"executed_lines": [], "summary": {"covered_lines": 0, "num_statements": 0, "percent_covered": 100.0, "percent_covered_display": "100", "missing_lines": 0, "excluded_lines": 0, "num_branches": 0, "num_partial_branches": 0, "covered_branches": 0, "missing_branches": 0}, "missing_lines": [], "excluded_lines": [], "executed_branches": [], "missing_branches": []}, "TenantInfo": {"executed_lines": [], "summary": {"covered_lines": 0, "num_statements": 0, "percent_covered": 100.0, "percent_covered_display": "100", "missing_lines": 0, "excluded_lines": 0, "num_branches": 0, "num_partial_branches": 0, "covered_branches": 0, "missing_branches": 0}, "missing_lines": [], "excluded_lines": [], "executed_branches": [], "missing_branches": []}, "Alert": {"executed_lines": [], "summary": {"covered_lines": 0, "num_statements": 0, "percent_covered": 100.0, "percent_covered_display": "100", "missing_lines": 0, "excluded_lines": 0, "num_branches": 0, "num_partial_branches": 0, "covered_branches": 0, "missing_branches": 0}, "missing_lines": [], "excluded_lines": [], "executed_branches": [], "missing_branches": []}, "AlertFilters": {"executed_lines": [168, 170, 171, 173, 177, 178, 179, 181, 182, 183, 185, 189, 190, 191, 194], "summary": {"covered_lines": 15, "num_statements": 21, "percent_covered": 69.23076923076923, "percent_covered_display": "69", "missing_lines": 6, "excluded_lines": 0, "num_branches": 18, "num_partial_branches": 6, "covered_branches": 12, "missing_branches": 6}, "missing_lines": [172, 174, 180, 184, 186, 192], "excluded_lines": [], "executed_branches": [[171, 173], [173, 177], [177, 178], [177, 179], [179, 181], [181, 182], [181, 183], [183, 185], [185, 189], [189, 190], [189, 191], [191, 194]], "missing_branches": [[171, 172], [173, 174], [179, 180], [183, 184], [185, 186], [191, 192]]}, "AlertActionRequest": {"executed_lines": [], "summary": {"covered_lines": 0, "num_statements": 0, "percent_covered": 100.0, "percent_covered_display": "100", "missing_lines": 0, "excluded_lines": 0, "num_branches": 0, "num_partial_branches": 0, "covered_branches": 0, "missing_branches": 0}, "missing_lines": [], "excluded_lines": [], "executed_branches": [], "missing_branches": []}, "DataRegion": {"executed_lines": [], "summary": {"covered_lines": 0, "num_statements": 0, "percent_covered": 100.0, "percent_covered_display": "100", "missing_lines": 0, "excluded_lines": 0, "num_branches": 0, "num_partial_branches": 0, "covered_branches": 0, "missing_branches": 0}, "missing_lines": [], "excluded_lines": [], "executed_branches": [], "missing_branches": []}, "BillingType": {"executed_lines": [], "summary": {"covered_lines": 0, "num_statements": 0, "percent_covered": 100.0, "percent_covered_display": "100", "missing_lines": 0, "excluded_lines": 0, "num_branches": 0, "num_partial_branches": 0, "covered_branches": 0, "missing_branches": 0}, "missing_lines": [], "excluded_lines": [], "executed_branches": [], "missing_branches": []}, "PartnerInfo": {"executed_lines": [], "summary": {"covered_lines": 0, "num_statements": 0, "percent_covered": 100.0, "percent_covered_display": "100", "missing_lines": 0, "excluded_lines": 0, "num_branches": 0, "num_partial_branches": 0, "covered_branches": 0, "missing_branches": 0}, "missing_lines": [], "excluded_lines": [], "executed_branches": [], "missing_branches": []}, "Tenant": {"executed_lines": [], "summary": {"covered_lines": 0, "num_statements": 0, "percent_covered": 100.0, "percent_covered_display": "100", "missing_lines": 0, "excluded_lines": 0, "num_branches": 0, "num_partial_branches": 0, "covered_branches": 0, "missing_branches": 0}, "missing_lines": [], "excluded_lines": [], "executed_branches": [], "missing_branches": []}, "TenantFilters": {"executed_lines": [285, 287, 288, 290, 291, 292, 294, 295, 297], "summary": {"covered_lines": 9, "num_statements": 11, "percent_covered": 78.94736842105263, "percent_covered_display": "79", "missing_lines": 2, "excluded_lines": 0, "num_branches": 8, "num_partial_branches": 2, "covered_branches": 6, "missing_branches": 2}, "missing_lines": [289, 293], "excluded_lines": [], "executed_branches": [[288, 290], [290, 291], [290, 292], [292, 294], [294, 295], [294, 297]], "missing_branches": [[288, 289], [292, 293]]}, "RoleReference": {"executed_lines": [], "summary": {"covered_lines": 0, "num_statements": 0, "percent_covered": 100.0, "percent_covered_display": "100", "missing_lines": 0, "excluded_lines": 0, "num_branches": 0, "num_partial_branches": 0, "covered_branches": 0, "missing_branches": 0}, "missing_lines": [], "excluded_lines": [], "executed_branches": [], "missing_branches": []}, "TenantReference": {"executed_lines": [], "summary": {"covered_lines": 0, "num_statements": 0, "percent_covered": 100.0, "percent_covered_display": "100", "missing_lines": 0, "excluded_lines": 0, "num_branches": 0, "num_partial_branches": 0, "covered_branches": 0, "missing_branches": 0}, "missing_lines": [], "excluded_lines": [], "executed_branches": [], "missing_branches": []}, "Admin": {"executed_lines": [], "summary": {"covered_lines": 0, "num_statements": 0, "percent_covered": 100.0, "percent_covered_display": "100", "missing_lines": 0, "excluded_lines": 0, "num_branches": 0, "num_partial_branches": 0, "covered_branches": 0, "missing_branches": 0}, "missing_lines": [], "excluded_lines": [], "executed_branches": [], "missing_branches": []}, "AdminCreateRequest": {"executed_lines": [], "summary": {"covered_lines": 0, "num_statements": 0, "percent_covered": 100.0, "percent_covered_display": "100", "missing_lines": 0, "excluded_lines": 0, "num_branches": 0, "num_partial_branches": 0, "covered_branches": 0, "missing_branches": 0}, "missing_lines": [], "excluded_lines": [], "executed_branches": [], "missing_branches": []}, "AdminUpdateRequest": {"executed_lines": [], "summary": {"covered_lines": 0, "num_statements": 0, "percent_covered": 100.0, "percent_covered_display": "100", "missing_lines": 0, "excluded_lines": 0, "num_branches": 0, "num_partial_branches": 0, "covered_branches": 0, "missing_branches": 0}, "missing_lines": [], "excluded_lines": [], "executed_branches": [], "missing_branches": []}, "Permission": {"executed_lines": [], "summary": {"covered_lines": 0, "num_statements": 0, "percent_covered": 100.0, "percent_covered_display": "100", "missing_lines": 0, "excluded_lines": 0, "num_branches": 0, "num_partial_branches": 0, "covered_branches": 0, "missing_branches": 0}, "missing_lines": [], "excluded_lines": [], "executed_branches": [], "missing_branches": []}, "Role": {"executed_lines": [], "summary": {"covered_lines": 0, "num_statements": 0, "percent_covered": 100.0, "percent_covered_display": "100", "missing_lines": 0, "excluded_lines": 0, "num_branches": 0, "num_partial_branches": 0, "covered_branches": 0, "missing_branches": 0}, "missing_lines": [], "excluded_lines": [], "executed_branches": [], "missing_branches": []}, "RoleCreateRequest": {"executed_lines": [], "summary": {"covered_lines": 0, "num_statements": 0, "percent_covered": 100.0, "percent_covered_display": "100", "missing_lines": 0, "excluded_lines": 0, "num_branches": 0, "num_partial_branches": 0, "covered_branches": 0, "missing_branches": 0}, "missing_lines": [], "excluded_lines": [], "executed_branches": [], "missing_branches": []}, "RoleUpdateRequest": {"executed_lines": [], "summary": {"covered_lines": 0, "num_statements": 0, "percent_covered": 100.0, "percent_covered_display": "100", "missing_lines": 0, "excluded_lines": 0, "num_branches": 0, "num_partial_branches": 0, "covered_branches": 0, "missing_branches": 0}, "missing_lines": [], "excluded_lines": [], "executed_branches": [], "missing_branches": []}, "": {"executed_lines": [1, 7, 8, 10, 12, 18, 19, 21, 22, 23, 24, 27, 28, 30, 31, 32, 33, 34, 35, 36, 37, 40, 41, 43, 44, 45, 46, 47, 48, 49, 52, 53, 55, 56, 57, 58, 59, 60, 61, 62, 65, 66, 73, 74, 77, 78, 85, 86, 89, 90, 97, 98, 101, 102, 120, 121, 122, 123, 124, 125, 126, 127, 128, 129, 130, 131, 132, 135, 136, 151, 152, 153, 154, 155, 156, 157, 158, 159, 160, 162, 197, 198, 205, 206, 212, 213, 215, 216, 217, 218, 219, 222, 223, 225, 226, 227, 230, 231, 237, 240, 241, 255, 256, 257, 258, 259, 260, 261, 262, 263, 266, 267, 277, 278, 279, 280, 281, 283, 303, 304, 311, 312, 315, 316, 323, 324, 327, 328, 340, 341, 342, 343, 344, 345, 346, 349, 350, 360, 361, 362, 363, 364, 367, 368, 378, 379, 380, 381, 382, 388, 389, 396, 397, 400, 401, 411, 412, 413, 414, 415, 418, 419, 427, 428, 429, 432, 433, 441, 442, 443], "summary": {"covered_lines": 145, "num_statements": 145, "percent_covered": 100.0, "percent_covered_display": "100", "missing_lines": 0, "excluded_lines": 0, "num_branches": 0, "num_partial_branches": 0, "covered_branches": 0, "missing_branches": 0}, "missing_lines": [], "excluded_lines": [], "executed_branches": [], "missing_branches": []}}}, "src/pysophoscentralapi/api/common/roles.py": {"executed_lines": [1, 6, 8, 13, 16, 17, 33, 39, 40, 42, 56, 57, 58, 60, 77, 78, 80, 110, 115, 119, 121, 150, 155, 159, 161, 177], "summary": {"covered_lines": 24, "num_statements": 24, "percent_covered": 100.0, "percent_covered_display": "100", "missing_lines": 0, "excluded_lines": 0, "num_branches": 0, "num_partial_branches": 0, "covered_branches": 0, "missing_branches": 0}, "missing_lines": [], "excluded_lines": [], "executed_branches": [], "missing_branches": [], "functions": {"RolesAPI.__init__": {"executed_lines": [39, 40], "summary": {"covered_lines": 2, "num_statements": 2, "percent_covered": 100.0, "percent_covered_display": "100", "missing_lines": 0, "excluded_lines": 0, "num_branches": 0, "num_partial_branches": 0, "covered_branches": 0, "missing_branches": 0}, "missing_lines": [], "excluded_lines": [], "executed_branches": [], "missing_branches": []}, "RolesAPI.list_roles": {"executed_lines": [56, 57, 58], "summary": {"covered_lines": 3, "num_statements": 3, "percent_covered": 100.0, "percent_covered_display": "100", "missing_lines": 0, "excluded_lines": 0, "num_branches": 0, "num_partial_branches": 0, "covered_branches": 0, "missing_branches": 0}, "missing_lines": [], "excluded_lines": [], "executed_branches": [], "missing_branches": []}, "RolesAPI.get_role": {"executed_lines": [77, 78], "summary": {"covered_lines": 2, "num_statements": 2, "percent_covered": 100.0, "percent_covered_display": "100", "missing_lines": 0, "excluded_lines": 0, "num_branches": 0, "num_partial_branches": 0, "covered_branches": 0, "missing_branches": 0}, "missing_lines": [], "excluded_lines": [], "executed_branches": [], "missing_branches": []}, "RolesAPI.create_role": {"executed_lines": [110, 115, 119], "summary": {"covered_lines": 3, "num_statements": 3, "percent_covered": 100.0, "percent_covered_display": "100", "missing_lines": 0, "excluded_lines": 0, "num_branches": 0, "num_partial_branches": 0, "covered_branches": 0, "missing_branches": 0}, "missing_lines": [], "excluded_lines": [], "executed_branches": [], "missing_branches": []}, "RolesAPI.update_role": {"executed_lines": [150, 155, 159], "summary": {"covered_lines": 3, "num_statements": 3, "percent_covered": 100.0, "percent_covered_display": "100", "missing_lines": 0, "excluded_lines": 0, "num_branches": 0, "num_partial_branches": 0, "covered_branches": 0, "missing_branches": 0}, "missing_lines": [], "excluded_lines": [], "executed_branches": [], "missing_branches": []}, "RolesAPI.delete_role": {"executed_lines": [177], "summary": {"covered_lines": 1, "num_statements": 1, "percent_covered": 100.0, "percent_covered_display": "100", "missing_lines": 0, "excluded_lines": 0, "num_branches": 0, "num_partial_branches": 0, "covered_branches": 0, "missing_branches": 0}, "missing_lines": [], "excluded_lines": [], "executed_branches": [], "missing_branches": []}, "": {"executed_lines": [1, 6, 8, 13, 16, 17, 33, 42, 60, 80, 121, 161], "summary": {"covered_lines": 10, "num_statements": 10, "percent_covered": 100.0, "percent_covered_display": "100", "missing_lines": 0, "excluded_lines": 0, "num_branches": 0, "num_partial_branches": 0, "covered_branches": 0, "missing_branches": 0}, "missing_lines": [], "excluded_lines": [], "executed_branches": [], "missing_branches": []}}, "classes": {"RolesAPI": {"executed_lines": [39, 40, 56, 57, 58, 77, 78, 110, 115, 119, 150, 155, 159, 177], "summary": {"covered_lines": 14, "num_statements": 14, "percent_covered": 100.0, "percent_covered_display": "100", "missing_lines": 0, "excluded_lines": 0, "num_branches": 0, "num_partial_branches": 0, "covered_branches": 0, "missing_branches": 0}, "missing_lines": [], "excluded_lines": [], "executed_branches": [], "missing_branches": []}, "": {"executed_lines": [1, 6, 8, 13, 16, 17, 33, 42, 60, 80, 121, 161], "summary": {"covered_lines": 10, "num_statements": 10, "percent_covered": 100.0, "percent_covered_display": "100", "missing_lines": 0, "excluded_lines": 0, "num_branches": 0, "num_partial_branches": 0, "covered_branches": 0, "missing_branches": 0}, "missing_lines": [], "excluded_lines": [], "executed_branches": [], "missing_branches": []}}}, "src/pysophoscentralapi/api/common/tenants.py": {"executed_lines": [1, 6, 7, 8, 9, 12, 13, 29, 35, 36, 38, 58, 59, 61, 62, 64, 66, 71, 88, 89, 91, 110, 113, 118], "summary": {"covered_lines": 22, "num_statements": 26, "percent_covered": 78.125, "percent_covered_display": "78", "missing_lines": 4, "excluded_lines": 0, "num_branches": 6, "num_partial_branches": 1, "covered_branches": 3, "missing_branches": 3}, "missing_lines": [111, 114, 115, 116], "excluded_lines": [], "executed_branches": [[58, 59], [58, 61], [110, 113]], "missing_branches": [[110, 111], [114, 115], [114, 116]], "functions": {"TenantsAPI.__init__": {"executed_lines": [35, 36], "summary": {"covered_lines": 2, "num_statements": 2, "percent_covered": 100.0, "percent_covered_display": "100", "missing_lines": 0, "excluded_lines": 0, "num_branches": 0, "num_partial_branches": 0, "covered_branches": 0, "missing_branches": 0}, "missing_lines": [], "excluded_lines": [], "executed_branches": [], "missing_branches": []}, "TenantsAPI.list_tenants": {"executed_lines": [58, 59, 61, 62, 64, 66], "summary": {"covered_lines": 6, "num_statements": 6, "percent_covered": 100.0, "percent_covered_display": "100", "missing_lines": 0, "excluded_lines": 0, "num_branches": 2, "num_partial_branches": 0, "covered_branches": 2, "missing_branches": 0}, "missing_lines": [], "excluded_lines": [], "executed_branches": [[58, 59], [58, 61]], "missing_branches": []}, "TenantsAPI.get_tenant": {"executed_lines": [88, 89], "summary": {"covered_lines": 2, "num_statements": 2, "percent_covered": 100.0, "percent_covered_display": "100", "missing_lines": 0, "excluded_lines": 0, "num_branches": 0, "num_partial_branches": 0, "covered_branches": 0, "missing_branches": 0}, "missing_lines": [], "excluded_lines": [], "executed_branches": [], "missing_branches": []}, "TenantsAPI.paginate_tenants": {"executed_lines": [110, 113, 118], "summary": {"covered_lines": 3, "num_statements": 4, "percent_covered": 66.66666666666667, "percent_covered_display": "67", "missing_lines": 1, "excluded_lines": 0, "num_branches": 2, "num_partial_branches": 1, "covered_branches": 1, "missing_branches": 1}, "missing_lines": [111], "excluded_lines": [], "executed_branches": [[110, 113]], "missing_branches": [[110, 111]]}, "TenantsAPI.paginate_tenants.fetch_page": {"executed_lines": [], "summary": {"covered_lines": 0, "num_statements": 3, "percent_covered": 0.0, "percent_covered_display": "0", "missing_lines": 3, "excluded_lines": 0, "num_branches": 2, "num_partial_branches": 0, "covered_branches": 0, "missing_branches": 2}, "missing_lines": [114, 115, 116], "excluded_lines": [], "executed_branches": [], "missing_branches": [[114, 115], [114, 116]]}, "": {"executed_lines": [1, 6, 7, 8, 9, 12, 13, 29, 38, 71, 91], "summary": {"covered_lines": 9, "num_statements": 9, "percent_covered": 100.0, "percent_covered_display": "100", "missing_lines": 0, "excluded_lines": 0, "num_branches": 0, "num_partial_branches": 0, "covered_branches": 0, "missing_branches": 0}, "missing_lines": [], "excluded_lines": [], "executed_branches": [], "missing_branches": []}}, "classes": {"TenantsAPI": {"executed_lines": [35, 36, 58, 59, 61, 62, 64, 66, 88, 89, 110, 113, 118], "summary": {"covered_lines": 13, "num_statements": 17, "percent_covered": 69.56521739130434, "percent_covered_display": "70", "missing_lines": 4, "excluded_lines": 0, "num_branches": 6, "num_partial_branches": 1, "covered_branches": 3, "missing_branches": 3}, "missing_lines": [111, 114, 115, 116], "excluded_lines": [], "executed_branches": [[58, 59], [58, 61], [110, 113]], "missing_branches": [[110, 111], [114, 115], [114, 116]]}, "": {"executed_lines": [1, 6, 7, 8, 9, 12, 13, 29, 38, 71, 91], "summary": {"covered_lines": 9, "num_statements": 9, "percent_covered": 100.0, "percent_covered_display": "100", "missing_lines": 0, "excluded_lines": 0, "num_branches": 0, "num_partial_branches": 0, "covered_branches": 0, "missing_branches": 0}, "missing_lines": [], "excluded_lines": [], "executed_branches": [], "missing_branches": []}}}, "src/pysophoscentralapi/api/endpoint/__init__.py": {"executed_lines": [1, 11, 12, 21], "summary": {"covered_lines": 3, "num_statements": 3, "percent_covered": 100.0, "percent_covered_display": "100", "missing_lines": 0, "excluded_lines": 0, "num_branches": 0, "num_partial_branches": 0, "covered_branches": 0, "missing_branches": 0}, "missing_lines": [], "excluded_lines": [], "executed_branches": [], "missing_branches": [], "functions": {"": {"executed_lines": [1, 11, 12, 21], "summary": {"covered_lines": 3, "num_statements": 3, "percent_covered": 100.0, "percent_covered_display": "100", "missing_lines": 0, "excluded_lines": 0, "num_branches": 0, "num_partial_branches": 0, "covered_branches": 0, "missing_branches": 0}, "missing_lines": [], "excluded_lines": [], "executed_branches": [], "missing_branches": []}}, "classes": {"": {"executed_lines": [1, 11, 12, 21], "summary": {"covered_lines": 3, "num_statements": 3, "percent_covered": 100.0, "percent_covered_display": "100", "missing_lines": 0, "excluded_lines": 0, "num_branches": 0, "num_partial_branches": 0, "covered_branches": 0, "missing_branches": 0}, "missing_lines": [], "excluded_lines": [], "executed_branches": [], "missing_branches": []}}}, "src/pysophoscentralapi/api/endpoint/endpoints.py": {"executed_lines": [1, 7, 9, 20, 21, 22, 25, 26, 43, 49, 50, 52, 76, 77, 79, 80, 83, 85, 90, 107, 110, 112, 137, 141, 143, 159, 163, 186, 189, 196, 204, 226, 227, 231, 233, 258, 259, 263, 265, 289, 290, 291, 293, 299, 319, 322, 324, 351, 355, 359, 361, 381, 384], "summary": {"covered_lines": 51, "num_statements": 55, "percent_covered": 87.3015873015873, "percent_covered_display": "87", "missing_lines": 4, "excluded_lines": 0, "num_branches": 8, "num_partial_branches": 2, "covered_branches": 4, "missing_branches": 4}, "missing_lines": [187, 192, 193, 194], "excluded_lines": [], "executed_branches": [[76, 77], [76, 79], [186, 189], [290, 291]], "missing_branches": [[186, 187], [192, 193], [192, 194], [290, 293]], "functions": {"EndpointAPI.__init__": {"executed_lines": [49, 50], "summary": {"covered_lines": 2, "num_statements": 2, "percent_covered": 100.0, "percent_covered_display": "100", "missing_lines": 0, "excluded_lines": 0, "num_branches": 0, "num_partial_branches": 0, "covered_branches": 0, "missing_branches": 0}, "missing_lines": [], "excluded_lines": [], "executed_branches": [], "missing_branches": []}, "EndpointAPI.list_endpoints": {"executed_lines": [76, 77, 79, 80, 83, 85], "summary": {"covered_lines": 6, "num_statements": 6, "percent_covered": 100.0, "percent_covered_display": "100", "missing_lines": 0, "excluded_lines": 0, "num_branches": 2, "num_partial_branches": 0, "covered_branches": 2, "missing_branches": 0}, "missing_lines": [], "excluded_lines": [], "executed_branches": [[76, 77], [76, 79]], "missing_branches": []}, "EndpointAPI.get_endpoint": {"executed_lines": [107, 110], "summary": {"covered_lines": 2, "num_statements": 2, "percent_covered": 100.0, "percent_covered_display": "100", "missing_lines": 0, "excluded_lines": 0, "num_branches": 0, "num_partial_branches": 0, "covered_branches": 0, "missing_branches": 0}, "missing_lines": [], "excluded_lines": [], "executed_branches": [], "missing_branches": []}, "EndpointAPI.update_endpoint": {"executed_lines": [137, 141], "summary": {"covered_lines": 2, "num_statements": 2, "percent_covered": 100.0, "percent_covered_display": "100", "missing_lines": 0, "excluded_lines": 0, "num_branches": 0, "num_partial_branches": 0, "covered_branches": 0, "missing_branches": 0}, "missing_lines": [], "excluded_lines": [], "executed_branches": [], "missing_branches": []}, "EndpointAPI.delete_endpoint": {"executed_lines": [159], "summary": {"covered_lines": 1, "num_statements": 1, "percent_covered": 100.0, "percent_covered_display": "100", "missing_lines": 0, "excluded_lines": 0, "num_branches": 0, "num_partial_branches": 0, "covered_branches": 0, "missing_branches": 0}, "missing_lines": [], "excluded_lines": [], "executed_branches": [], "missing_branches": []}, "EndpointAPI.paginate_endpoints": {"executed_lines": [186, 189, 196], "summary": {"covered_lines": 3, "num_statements": 4, "percent_covered": 66.66666666666667, "percent_covered_display": "67", "missing_lines": 1, "excluded_lines": 0, "num_branches": 2, "num_partial_branches": 1, "covered_branches": 1, "missing_branches": 1}, "missing_lines": [187], "excluded_lines": [], "executed_branches": [[186, 189]], "missing_branches": [[186, 187]]}, "EndpointAPI.paginate_endpoints.fetch_page": {"executed_lines": [], "summary": {"covered_lines": 0, "num_statements": 3, "percent_covered": 0.0, "percent_covered_display": "0", "missing_lines": 3, "excluded_lines": 0, "num_branches": 2, "num_partial_branches": 0, "covered_branches": 0, "missing_branches": 2}, "missing_lines": [192, 193, 194], "excluded_lines": [], "executed_branches": [], "missing_branches": [[192, 193], [192, 194]]}, "EndpointAPI.scan_endpoint": {"executed_lines": [226, 227, 231], "summary": {"covered_lines": 3, "num_statements": 3, "percent_covered": 100.0, "percent_covered_display": "100", "missing_lines": 0, "excluded_lines": 0, "num_branches": 0, "num_partial_branches": 0, "covered_branches": 0, "missing_branches": 0}, "missing_lines": [], "excluded_lines": [], "executed_branches": [], "missing_branches": []}, "EndpointAPI.isolate_endpoint": {"executed_lines": [258, 259, 263], "summary": {"covered_lines": 3, "num_statements": 3, "percent_covered": 100.0, "percent_covered_display": "100", "missing_lines": 0, "excluded_lines": 0, "num_branches": 0, "num_partial_branches": 0, "covered_branches": 0, "missing_branches": 0}, "missing_lines": [], "excluded_lines": [], "executed_branches": [], "missing_branches": []}, "EndpointAPI.unisolate_endpoint": {"executed_lines": [289, 290, 291, 293], "summary": {"covered_lines": 4, "num_statements": 4, "percent_covered": 83.33333333333333, "percent_covered_display": "83", "missing_lines": 0, "excluded_lines": 0, "num_branches": 2, "num_partial_branches": 1, "covered_branches": 1, "missing_branches": 1}, "missing_lines": [], "excluded_lines": [], "executed_branches": [[290, 291]], "missing_branches": [[290, 293]]}, "EndpointAPI.get_tamper_protection": {"executed_lines": [319, 322], "summary": {"covered_lines": 2, "num_statements": 2, "percent_covered": 100.0, "percent_covered_display": "100", "missing_lines": 0, "excluded_lines": 0, "num_branches": 0, "num_partial_branches": 0, "covered_branches": 0, "missing_branches": 0}, "missing_lines": [], "excluded_lines": [], "executed_branches": [], "missing_branches": []}, "EndpointAPI.update_tamper_protection": {"executed_lines": [351, 355, 359], "summary": {"covered_lines": 3, "num_statements": 3, "percent_covered": 100.0, "percent_covered_display": "100", "missing_lines": 0, "excluded_lines": 0, "num_branches": 0, "num_partial_branches": 0, "covered_branches": 0, "missing_branches": 0}, "missing_lines": [], "excluded_lines": [], "executed_branches": [], "missing_branches": []}, "EndpointAPI.get_tamper_protection_password": {"executed_lines": [381, 384], "summary": {"covered_lines": 2, "num_statements": 2, "percent_covered": 100.0, "percent_covered_display": "100", "missing_lines": 0, "excluded_lines": 0, "num_branches": 0, "num_partial_branches": 0, "covered_branches": 0, "missing_branches": 0}, "missing_lines": [], "excluded_lines": [], "executed_branches": [], "missing_branches": []}, "": {"executed_lines": [1, 7, 9, 20, 21, 22, 25, 26, 43, 52, 90, 112, 143, 163, 204, 233, 265, 299, 324, 361], "summary": {"covered_lines": 18, "num_statements": 18, "percent_covered": 100.0, "percent_covered_display": "100", "missing_lines": 0, "excluded_lines": 0, "num_branches": 0, "num_partial_branches": 0, "covered_branches": 0, "missing_branches": 0}, "missing_lines": [], "excluded_lines": [], "executed_branches": [], "missing_branches": []}}, "classes": {"EndpointAPI": {"executed_lines": [49, 50, 76, 77, 79, 80, 83, 85, 107, 110, 137, 141, 159, 186, 189, 196, 226, 227, 231, 258, 259, 263, 289, 290, 291, 293, 319, 322, 351, 355, 359, 381, 384], "summary": {"covered_lines": 33, "num_statements": 37, "percent_covered": 82.22222222222223, "percent_covered_display": "82", "missing_lines": 4, "excluded_lines": 0, "num_branches": 8, "num_partial_branches": 2, "covered_branches": 4, "missing_branches": 4}, "missing_lines": [187, 192, 193, 194], "excluded_lines": [], "executed_branches": [[76, 77], [76, 79], [186, 189], [290, 291]], "missing_branches": [[186, 187], [192, 193], [192, 194], [290, 293]]}, "": {"executed_lines": [1, 7, 9, 20, 21, 22, 25, 26, 43, 52, 90, 112, 143, 163, 204, 233, 265, 299, 324, 361], "summary": {"covered_lines": 18, "num_statements": 18, "percent_covered": 100.0, "percent_covered_display": "100", "missing_lines": 0, "excluded_lines": 0, "num_branches": 0, "num_partial_branches": 0, "covered_branches": 0, "missing_branches": 0}, "missing_lines": [], "excluded_lines": [], "executed_branches": [], "missing_branches": []}}}, "src/pysophoscentralapi/api/endpoint/models.py": {"executed_lines": [1, 7, 8, 10, 12, 15, 16, 18, 19, 20, 21, 24, 25, 27, 28, 29, 32, 33, 35, 36, 37, 38, 39, 40, 41, 42, 43, 44, 47, 48, 50, 51, 52, 55, 56, 62, 65, 66, 73, 74, 77, 78, 85, 86, 92, 93, 101, 102, 103, 106, 107, 118, 119, 120, 121, 122, 123, 126, 127, 133, 136, 137, 145, 146, 147, 150, 151, 159, 160, 161, 164, 165, 186, 187, 188, 189, 190, 191, 192, 193, 194, 195, 196, 197, 201, 202, 203, 204, 207, 208, 228, 229, 230, 231, 232, 233, 234, 235, 236, 237, 238, 239, 240, 241, 242, 244, 250, 253, 254, 256, 257, 258, 260, 261, 263, 264, 267, 269, 271, 272, 273, 274, 275, 279, 280, 281, 282, 283, 285, 286, 288, 291, 292, 298, 301, 302, 309, 310, 313, 314, 321, 322, 325, 326, 333, 334, 337, 338, 346, 347, 348, 351, 352, 359, 360, 363, 364, 370], "summary": {"covered_lines": 136, "num_statements": 142, "percent_covered": 92.3529411764706, "percent_covered_display": "92", "missing_lines": 6, "excluded_lines": 0, "num_branches": 28, "num_partial_branches": 7, "covered_branches": 21, "missing_branches": 7}, "missing_lines": [255, 262, 268, 270, 276, 284], "excluded_lines": [], "executed_branches": [[254, 256], [256, 257], [258, 260], [258, 261], [261, 263], [263, 264], [263, 267], [267, 269], [269, 271], [271, 272], [271, 273], [273, 274], [273, 275], [275, 279], [279, 280], [279, 281], [281, 282], [281, 283], [283, 285], [285, 286], [285, 288]], "missing_branches": [[254, 255], [256, 258], [261, 262], [267, 268], [269, 270], [275, 276], [283, 284]], "functions": {"EndpointFilters.to_params": {"executed_lines": [250, 253, 254, 256, 257, 258, 260, 261, 263, 264, 267, 269, 271, 272, 273, 274, 275, 279, 280, 281, 282, 283, 285, 286, 288], "summary": {"covered_lines": 25, "num_statements": 31, "percent_covered": 77.96610169491525, "percent_covered_display": "78", "missing_lines": 6, "excluded_lines": 0, "num_branches": 28, "num_partial_branches": 7, "covered_branches": 21, "missing_branches": 7}, "missing_lines": [255, 262, 268, 270, 276, 284], "excluded_lines": [], "executed_branches": [[254, 256], [256, 257], [258, 260], [258, 261], [261, 263], [263, 264], [263, 267], [267, 269], [269, 271], [271, 272], [271, 273], [273, 274], [273, 275], [275, 279], [279, 280], [279, 281], [281, 282], [281, 283], [283, 285], [285, 286], [285, 288]], "missing_branches": [[254, 255], [256, 258], [261, 262], [267, 268], [269, 270], [275, 276], [283, 284]]}, "": {"executed_lines": [1, 7, 8, 10, 12, 15, 16, 18, 19, 20, 21, 24, 25, 27, 28, 29, 32, 33, 35, 36, 37, 38, 39, 40, 41, 42, 43, 44, 47, 48, 50, 51, 52, 55, 56, 62, 65, 66, 73, 74, 77, 78, 85, 86, 92, 93, 101, 102, 103, 106, 107, 118, 119, 120, 121, 122, 123, 126, 127, 133, 136, 137, 145, 146, 147, 150, 151, 159, 160, 161, 164, 165, 186, 187, 188, 189, 190, 191, 192, 193, 194, 195, 196, 197, 201, 202, 203, 204, 207, 208, 228, 229, 230, 231, 232, 233, 234, 235, 236, 237, 238, 239, 240, 241, 242, 244, 291, 292, 298, 301, 302, 309, 310, 313, 314, 321, 322, 325, 326, 333, 334, 337, 338, 346, 347, 348, 351, 352, 359, 360, 363, 364, 370], "summary": {"covered_lines": 111, "num_statements": 111, "percent_covered": 100.0, "percent_covered_display": "100", "missing_lines": 0, "excluded_lines": 0, "num_branches": 0, "num_partial_branches": 0, "covered_branches": 0, "missing_branches": 0}, "missing_lines": [], "excluded_lines": [], "executed_branches": [], "missing_branches": []}}, "classes": {"HealthStatus": {"executed_lines": [], "summary": {"covered_lines": 0, "num_statements": 0, "percent_covered": 100.0, "percent_covered_display": "100", "missing_lines": 0, "excluded_lines": 0, "num_branches": 0, "num_partial_branches": 0, "covered_branches": 0, "missing_branches": 0}, "missing_lines": [], "excluded_lines": [], "executed_branches": [], "missing_branches": []}, "EndpointType": {"executed_lines": [], "summary": {"covered_lines": 0, "num_statements": 0, "percent_covered": 100.0, "percent_covered_display": "100", "missing_lines": 0, "excluded_lines": 0, "num_branches": 0, "num_partial_branches": 0, "covered_branches": 0, "missing_branches": 0}, "missing_lines": [], "excluded_lines": [], "executed_branches": [], "missing_branches": []}, "LockdownStatus": {"executed_lines": [], "summary": {"covered_lines": 0, "num_statements": 0, "percent_covered": 100.0, "percent_covered_display": "100", "missing_lines": 0, "excluded_lines": 0, "num_branches": 0, "num_partial_branches": 0, "covered_branches": 0, "missing_branches": 0}, "missing_lines": [], "excluded_lines": [], "executed_branches": [], "missing_branches": []}, "OSPlatform": {"executed_lines": [], "summary": {"covered_lines": 0, "num_statements": 0, "percent_covered": 100.0, "percent_covered_display": "100", "missing_lines": 0, "excluded_lines": 0, "num_branches": 0, "num_partial_branches": 0, "covered_branches": 0, "missing_branches": 0}, "missing_lines": [], "excluded_lines": [], "executed_branches": [], "missing_branches": []}, "ThreatHealth": {"executed_lines": [], "summary": {"covered_lines": 0, "num_statements": 0, "percent_covered": 100.0, "percent_covered_display": "100", "missing_lines": 0, "excluded_lines": 0, "num_branches": 0, "num_partial_branches": 0, "covered_branches": 0, "missing_branches": 0}, "missing_lines": [], "excluded_lines": [], "executed_branches": [], "missing_branches": []}, "ServiceDetail": {"executed_lines": [], "summary": {"covered_lines": 0, "num_statements": 0, "percent_covered": 100.0, "percent_covered_display": "100", "missing_lines": 0, "excluded_lines": 0, "num_branches": 0, "num_partial_branches": 0, "covered_branches": 0, "missing_branches": 0}, "missing_lines": [], "excluded_lines": [], "executed_branches": [], "missing_branches": []}, "ServicesHealth": {"executed_lines": [], "summary": {"covered_lines": 0, "num_statements": 0, "percent_covered": 100.0, "percent_covered_display": "100", "missing_lines": 0, "excluded_lines": 0, "num_branches": 0, "num_partial_branches": 0, "covered_branches": 0, "missing_branches": 0}, "missing_lines": [], "excluded_lines": [], "executed_branches": [], "missing_branches": []}, "Health": {"executed_lines": [], "summary": {"covered_lines": 0, "num_statements": 0, "percent_covered": 100.0, "percent_covered_display": "100", "missing_lines": 0, "excluded_lines": 0, "num_branches": 0, "num_partial_branches": 0, "covered_branches": 0, "missing_branches": 0}, "missing_lines": [], "excluded_lines": [], "executed_branches": [], "missing_branches": []}, "OSInfo": {"executed_lines": [], "summary": {"covered_lines": 0, "num_statements": 0, "percent_covered": 100.0, "percent_covered_display": "100", "missing_lines": 0, "excluded_lines": 0, "num_branches": 0, "num_partial_branches": 0, "covered_branches": 0, "missing_branches": 0}, "missing_lines": [], "excluded_lines": [], "executed_branches": [], "missing_branches": []}, "Tenant": {"executed_lines": [], "summary": {"covered_lines": 0, "num_statements": 0, "percent_covered": 100.0, "percent_covered_display": "100", "missing_lines": 0, "excluded_lines": 0, "num_branches": 0, "num_partial_branches": 0, "covered_branches": 0, "missing_branches": 0}, "missing_lines": [], "excluded_lines": [], "executed_branches": [], "missing_branches": []}, "AssociatedPerson": {"executed_lines": [], "summary": {"covered_lines": 0, "num_statements": 0, "percent_covered": 100.0, "percent_covered_display": "100", "missing_lines": 0, "excluded_lines": 0, "num_branches": 0, "num_partial_branches": 0, "covered_branches": 0, "missing_branches": 0}, "missing_lines": [], "excluded_lines": [], "executed_branches": [], "missing_branches": []}, "AssignedProduct": {"executed_lines": [], "summary": {"covered_lines": 0, "num_statements": 0, "percent_covered": 100.0, "percent_covered_display": "100", "missing_lines": 0, "excluded_lines": 0, "num_branches": 0, "num_partial_branches": 0, "covered_branches": 0, "missing_branches": 0}, "missing_lines": [], "excluded_lines": [], "executed_branches": [], "missing_branches": []}, "Endpoint": {"executed_lines": [], "summary": {"covered_lines": 0, "num_statements": 0, "percent_covered": 100.0, "percent_covered_display": "100", "missing_lines": 0, "excluded_lines": 0, "num_branches": 0, "num_partial_branches": 0, "covered_branches": 0, "missing_branches": 0}, "missing_lines": [], "excluded_lines": [], "executed_branches": [], "missing_branches": []}, "EndpointFilters": {"executed_lines": [250, 253, 254, 256, 257, 258, 260, 261, 263, 264, 267, 269, 271, 272, 273, 274, 275, 279, 280, 281, 282, 283, 285, 286, 288], "summary": {"covered_lines": 25, "num_statements": 31, "percent_covered": 77.96610169491525, "percent_covered_display": "78", "missing_lines": 6, "excluded_lines": 0, "num_branches": 28, "num_partial_branches": 7, "covered_branches": 21, "missing_branches": 7}, "missing_lines": [255, 262, 268, 270, 276, 284], "excluded_lines": [], "executed_branches": [[254, 256], [256, 257], [258, 260], [258, 261], [261, 263], [263, 264], [263, 267], [267, 269], [269, 271], [271, 272], [271, 273], [273, 274], [273, 275], [275, 279], [279, 280], [279, 281], [281, 282], [281, 283], [283, 285], [285, 286], [285, 288]], "missing_branches": [[254, 255], [256, 258], [261, 262], [267, 268], [269, 270], [275, 276], [283, 284]]}, "ScanRequest": {"executed_lines": [], "summary": {"covered_lines": 0, "num_statements": 0, "percent_covered": 100.0, "percent_covered_display": "100", "missing_lines": 0, "excluded_lines": 0, "num_branches": 0, "num_partial_branches": 0, "covered_branches": 0, "missing_branches": 0}, "missing_lines": [], "excluded_lines": [], "executed_branches": [], "missing_branches": []}, "ScanResponse": {"executed_lines": [], "summary": {"covered_lines": 0, "num_statements": 0, "percent_covered": 100.0, "percent_covered_display": "100", "missing_lines": 0, "excluded_lines": 0, "num_branches": 0, "num_partial_branches": 0, "covered_branches": 0, "missing_branches": 0}, "missing_lines": [], "excluded_lines": [], "executed_branches": [], "missing_branches": []}, "IsolationRequest": {"executed_lines": [], "summary": {"covered_lines": 0, "num_statements": 0, "percent_covered": 100.0, "percent_covered_display": "100", "missing_lines": 0, "excluded_lines": 0, "num_branches": 0, "num_partial_branches": 0, "covered_branches": 0, "missing_branches": 0}, "missing_lines": [], "excluded_lines": [], "executed_branches": [], "missing_branches": []}, "IsolationResponse": {"executed_lines": [], "summary": {"covered_lines": 0, "num_statements": 0, "percent_covered": 100.0, "percent_covered_display": "100", "missing_lines": 0, "excluded_lines": 0, "num_branches": 0, "num_partial_branches": 0, "covered_branches": 0, "missing_branches": 0}, "missing_lines": [], "excluded_lines": [], "executed_branches": [], "missing_branches": []}, "TamperProtectionStatus": {"executed_lines": [], "summary": {"covered_lines": 0, "num_statements": 0, "percent_covered": 100.0, "percent_covered_display": "100", "missing_lines": 0, "excluded_lines": 0, "num_branches": 0, "num_partial_branches": 0, "covered_branches": 0, "missing_branches": 0}, "missing_lines": [], "excluded_lines": [], "executed_branches": [], "missing_branches": []}, "TamperProtectionUpdate": {"executed_lines": [], "summary": {"covered_lines": 0, "num_statements": 0, "percent_covered": 100.0, "percent_covered_display": "100", "missing_lines": 0, "excluded_lines": 0, "num_branches": 0, "num_partial_branches": 0, "covered_branches": 0, "missing_branches": 0}, "missing_lines": [], "excluded_lines": [], "executed_branches": [], "missing_branches": []}, "TamperProtectionPassword": {"executed_lines": [], "summary": {"covered_lines": 0, "num_statements": 0, "percent_covered": 100.0, "percent_covered_display": "100", "missing_lines": 0, "excluded_lines": 0, "num_branches": 0, "num_partial_branches": 0, "covered_branches": 0, "missing_branches": 0}, "missing_lines": [], "excluded_lines": [], "executed_branches": [], "missing_branches": []}, "": {"executed_lines": [1, 7, 8, 10, 12, 15, 16, 18, 19, 20, 21, 24, 25, 27, 28, 29, 32, 33, 35, 36, 37, 38, 39, 40, 41, 42, 43, 44, 47, 48, 50, 51, 52, 55, 56, 62, 65, 66, 73, 74, 77, 78, 85, 86, 92, 93, 101, 102, 103, 106, 107, 118, 119, 120, 121, 122, 123, 126, 127, 133, 136, 137, 145, 146, 147, 150, 151, 159, 160, 161, 164, 165, 186, 187, 188, 189, 190, 191, 192, 193, 194, 195, 196, 197, 201, 202, 203, 204, 207, 208, 228, 229, 230, 231, 232, 233, 234, 235, 236, 237, 238, 239, 240, 241, 242, 244, 291, 292, 298, 301, 302, 309, 310, 313, 314, 321, 322, 325, 326, 333, 334, 337, 338, 346, 347, 348, 351, 352, 359, 360, 363, 364, 370], "summary": {"covered_lines": 111, "num_statements": 111, "percent_covered": 100.0, "percent_covered_display": "100", "missing_lines": 0, "excluded_lines": 0, "num_branches": 0, "num_partial_branches": 0, "covered_branches": 0, "missing_branches": 0}, "missing_lines": [], "excluded_lines": [], "executed_branches": [], "missing_branches": []}}}, "src/pysophoscentralapi/cli/__init__.py": {"executed_lines": [1], "summary": {"covered_lines": 0, "num_statements": 0, "percent_covered": 100.0, "percent_covered_display": "100", "missing_lines": 0, "excluded_lines": 0, "num_branches": 0, "num_partial_branches": 0, "covered_branches": 0, "missing_branches": 0}, "missing_lines": [], "excluded_lines": [], "executed_branches": [], "missing_branches": [], "functions": {"": {"executed_lines": [1], "summary": {"covered_lines": 0, "num_statements": 0, "percent_covered": 100.0, "percent_covered_display": "100", "missing_lines": 0, "excluded_lines": 0, "num_branches": 0, "num_partial_branches": 0, "covered_branches": 0, "missing_branches": 0}, "missing_lines": [], "excluded_lines": [], "executed_branches": [], "missing_branches": []}}, "classes": {"": {"executed_lines": [1], "summary": {"covered_lines": 0, "num_statements": 0, "percent_covered": 100.0, "percent_covered_display": "100", "missing_lines": 0, "excluded_lines": 0, "num_branches": 0, "num_partial_branches": 0, "covered_branches": 0, "missing_branches": 0}, "missing_lines": [], "excluded_lines": [], "executed_branches": [], "missing_branches": []}}}, "src/pysophoscentralapi/cli/common_cmds.py": {"executed_lines": [1, 3, 5, 7, 8, 9, 10, 16, 17, 18, 21, 22, 26, 27, 28, 29, 35, 41, 47, 48, 65, 68, 69, 74, 75, 76, 77, 80, 81, 82, 83, 106, 107, 110, 112, 115, 117, 118, 119, 120, 124, 125, 126, 127, 128, 129, 189, 190, 191, 192, 193, 197, 223, 224, 228, 229, 230, 231, 236, 237, 252, 255, 256, 261, 262, 263, 264, 287, 288, 291, 293, 296, 298, 301, 302, 303, 304, 305, 306, 366, 367, 371, 372, 373, 374, 375, 437, 438, 442, 443, 444, 445, 446], "summary": {"covered_lines": 92, "num_statements": 223, "percent_covered": 38.57677902621723, "percent_covered_display": "39", "missing_lines": 131, "excluded_lines": 0, "num_branches": 44, "num_partial_branches": 7, "covered_branches": 11, "missing_branches": 33}, "missing_lines": [70, 71, 86, 88, 89, 90, 93, 99, 100, 101, 103, 111, 113, 121, 143, 146, 147, 148, 149, 152, 153, 154, 157, 159, 160, 161, 164, 170, 171, 173, 176, 179, 180, 181, 182, 184, 186, 210, 212, 213, 215, 216, 218, 257, 258, 267, 269, 270, 271, 274, 280, 281, 282, 284, 292, 294, 320, 323, 324, 325, 326, 329, 330, 331, 334, 336, 337, 338, 341, 347, 348, 350, 353, 356, 357, 358, 359, 361, 363, 388, 391, 392, 393, 394, 397, 398, 399, 400, 403, 405, 406, 407, 410, 416, 417, 418, 420, 423, 424, 427, 428, 429, 430, 432, 434, 459, 462, 463, 464, 465, 468, 469, 470, 471, 474, 476, 477, 478, 481, 487, 488, 489, 491, 494, 495, 498, 499, 500, 501, 503, 505], "excluded_lines": [], "executed_branches": [[75, 76], [75, 80], [80, 81], [110, 112], [112, 115], [118, 119], [118, 120], [120, -26], [261, 262], [291, 293], [293, 296]], "missing_branches": [[80, 86], [110, 111], [112, 113], [120, 121], [152, 153], [152, 157], [179, 180], [179, 181], [181, 182], [181, 184], [215, 216], [215, 218], [261, 267], [291, 292], [293, 294], [329, 330], [329, 334], [356, 357], [356, 358], [358, 359], [358, 361], [397, 398], [397, 403], [427, 428], [427, 429], [429, 430], [429, 432], [468, 469], [468, 474], [498, 499], [498, 500], [500, 501], [500, 503]], "functions": {"alerts": {"executed_lines": [], "summary": {"covered_lines": 0, "num_statements": 0, "percent_covered": 100.0, "percent_covered_display": "100", "missing_lines": 0, "excluded_lines": 0, "num_branches": 0, "num_partial_branches": 0, "covered_branches": 0, "missing_branches": 0}, "missing_lines": [], "excluded_lines": [], "executed_branches": [], "missing_branches": []}, "alerts_list": {"executed_lines": [65, 68, 69, 74, 75, 76, 77, 80, 81, 82, 83, 106, 107, 110, 112, 115, 117, 118, 119, 120], "summary": {"covered_lines": 20, "num_statements": 34, "percent_covered": 60.869565217391305, "percent_covered_display": "61", "missing_lines": 14, "excluded_lines": 0, "num_branches": 12, "num_partial_branches": 4, "covered_branches": 8, "missing_branches": 4}, "missing_lines": [70, 71, 86, 88, 89, 90, 93, 99, 100, 101, 103, 111, 113, 121], "excluded_lines": [], "executed_branches": [[75, 76], [75, 80], [80, 81], [110, 112], [112, 115], [118, 119], [118, 120], [120, -26]], "missing_branches": [[80, 86], [110, 111], [112, 113], [120, 121]]}, "alerts_get": {"executed_lines": [], "summary": {"covered_lines": 0, "num_statements": 23, "percent_covered": 0.0, "percent_covered_display": "0", "missing_lines": 23, "excluded_lines": 0, "num_branches": 6, "num_partial_branches": 0, "covered_branches": 0, "missing_branches": 6}, "missing_lines": [143, 146, 147, 148, 149, 152, 153, 154, 157, 159, 160, 161, 164, 170, 171, 173, 176, 179, 180, 181, 182, 184, 186], "excluded_lines": [], "executed_branches": [], "missing_branches": [[152, 153], [152, 157], [179, 180], [179, 181], [181, 182], [181, 184]]}, "action": {"executed_lines": [], "summary": {"covered_lines": 0, "num_statements": 6, "percent_covered": 0.0, "percent_covered_display": "0", "missing_lines": 6, "excluded_lines": 0, "num_branches": 2, "num_partial_branches": 0, "covered_branches": 0, "missing_branches": 2}, "missing_lines": [210, 212, 213, 215, 216, 218], "excluded_lines": [], "executed_branches": [], "missing_branches": [[215, 216], [215, 218]]}, "tenants": {"executed_lines": [], "summary": {"covered_lines": 0, "num_statements": 0, "percent_covered": 100.0, "percent_covered_display": "100", "missing_lines": 0, "excluded_lines": 0, "num_branches": 0, "num_partial_branches": 0, "covered_branches": 0, "missing_branches": 0}, "missing_lines": [], "excluded_lines": [], "executed_branches": [], "missing_branches": []}, "tenants_list": {"executed_lines": [252, 255, 256, 261, 262, 263, 264, 287, 288, 291, 293, 296, 298], "summary": {"covered_lines": 13, "num_statements": 26, "percent_covered": 50.0, "percent_covered_display": "50", "missing_lines": 13, "excluded_lines": 0, "num_branches": 6, "num_partial_branches": 3, "covered_branches": 3, "missing_branches": 3}, "missing_lines": [257, 258, 267, 269, 270, 271, 274, 280, 281, 282, 284, 292, 294], "excluded_lines": [], "executed_branches": [[261, 262], [291, 293], [293, 296]], "missing_branches": [[261, 267], [291, 292], [293, 294]]}, "tenants_get": {"executed_lines": [], "summary": {"covered_lines": 0, "num_statements": 23, "percent_covered": 0.0, "percent_covered_display": "0", "missing_lines": 23, "excluded_lines": 0, "num_branches": 6, "num_partial_branches": 0, "covered_branches": 0, "missing_branches": 6}, "missing_lines": [320, 323, 324, 325, 326, 329, 330, 331, 334, 336, 337, 338, 341, 347, 348, 350, 353, 356, 357, 358, 359, 361, 363], "excluded_lines": [], "executed_branches": [], "missing_branches": [[329, 330], [329, 334], [356, 357], [356, 358], [358, 359], [358, 361]]}, "admins": {"executed_lines": [], "summary": {"covered_lines": 0, "num_statements": 0, "percent_covered": 100.0, "percent_covered_display": "100", "missing_lines": 0, "excluded_lines": 0, "num_branches": 0, "num_partial_branches": 0, "covered_branches": 0, "missing_branches": 0}, "missing_lines": [], "excluded_lines": [], "executed_branches": [], "missing_branches": []}, "admins_list": {"executed_lines": [], "summary": {"covered_lines": 0, "num_statements": 26, "percent_covered": 0.0, "percent_covered_display": "0", "missing_lines": 26, "excluded_lines": 0, "num_branches": 6, "num_partial_branches": 0, "covered_branches": 0, "missing_branches": 6}, "missing_lines": [388, 391, 392, 393, 394, 397, 398, 399, 400, 403, 405, 406, 407, 410, 416, 417, 418, 420, 423, 424, 427, 428, 429, 430, 432, 434], "excluded_lines": [], "executed_branches": [], "missing_branches": [[397, 398], [397, 403], [427, 428], [427, 429], [429, 430], [429, 432]]}, "roles": {"executed_lines": [], "summary": {"covered_lines": 0, "num_statements": 0, "percent_covered": 100.0, "percent_covered_display": "100", "missing_lines": 0, "excluded_lines": 0, "num_branches": 0, "num_partial_branches": 0, "covered_branches": 0, "missing_branches": 0}, "missing_lines": [], "excluded_lines": [], "executed_branches": [], "missing_branches": []}, "roles_list": {"executed_lines": [], "summary": {"covered_lines": 0, "num_statements": 26, "percent_covered": 0.0, "percent_covered_display": "0", "missing_lines": 26, "excluded_lines": 0, "num_branches": 6, "num_partial_branches": 0, "covered_branches": 0, "missing_branches": 6}, "missing_lines": [459, 462, 463, 464, 465, 468, 469, 470, 471, 474, 476, 477, 478, 481, 487, 488, 489, 491, 494, 495, 498, 499, 500, 501, 503, 505], "excluded_lines": [], "executed_branches": [], "missing_branches": [[468, 469], [468, 474], [498, 499], [498, 500], [500, 501], [500, 503]]}, "": {"executed_lines": [1, 3, 5, 7, 8, 9, 10, 16, 17, 18, 21, 22, 26, 27, 28, 29, 35, 41, 47, 48, 124, 125, 126, 127, 128, 129, 189, 190, 191, 192, 193, 197, 223, 224, 228, 229, 230, 231, 236, 237, 301, 302, 303, 304, 305, 306, 366, 367, 371, 372, 373, 374, 375, 437, 438, 442, 443, 444, 445, 446], "summary": {"covered_lines": 59, "num_statements": 59, "percent_covered": 100.0, "percent_covered_display": "100", "missing_lines": 0, "excluded_lines": 0, "num_branches": 0, "num_partial_branches": 0, "covered_branches": 0, "missing_branches": 0}, "missing_lines": [], "excluded_lines": [], "executed_branches": [], "missing_branches": []}}, "classes": {"": {"executed_lines": [1, 3, 5, 7, 8, 9, 10, 16, 17, 18, 21, 22, 26, 27, 28, 29, 35, 41, 47, 48, 65, 68, 69, 74, 75, 76, 77, 80, 81, 82, 83, 106, 107, 110, 112, 115, 117, 118, 119, 120, 124, 125, 126, 127, 128, 129, 189, 190, 191, 192, 193, 197, 223, 224, 228, 229, 230, 231, 236, 237, 252, 255, 256, 261, 262, 263, 264, 287, 288, 291, 293, 296, 298, 301, 302, 303, 304, 305, 306, 366, 367, 371, 372, 373, 374, 375, 437, 438, 442, 443, 444, 445, 446], "summary": {"covered_lines": 92, "num_statements": 223, "percent_covered": 38.57677902621723, "percent_covered_display": "39", "missing_lines": 131, "excluded_lines": 0, "num_branches": 44, "num_partial_branches": 7, "covered_branches": 11, "missing_branches": 33}, "missing_lines": [70, 71, 86, 88, 89, 90, 93, 99, 100, 101, 103, 111, 113, 121, 143, 146, 147, 148, 149, 152, 153, 154, 157, 159, 160, 161, 164, 170, 171, 173, 176, 179, 180, 181, 182, 184, 186, 210, 212, 213, 215, 216, 218, 257, 258, 267, 269, 270, 271, 274, 280, 281, 282, 284, 292, 294, 320, 323, 324, 325, 326, 329, 330, 331, 334, 336, 337, 338, 341, 347, 348, 350, 353, 356, 357, 358, 359, 361, 363, 388, 391, 392, 393, 394, 397, 398, 399, 400, 403, 405, 406, 407, 410, 416, 417, 418, 420, 423, 424, 427, 428, 429, 430, 432, 434, 459, 462, 463, 464, 465, 468, 469, 470, 471, 474, 476, 477, 478, 481, 487, 488, 489, 491, 494, 495, 498, 499, 500, 501, 503, 505], "excluded_lines": [], "executed_branches": [[75, 76], [75, 80], [80, 81], [110, 112], [112, 115], [118, 119], [118, 120], [120, -26], [261, 262], [291, 293], [293, 296]], "missing_branches": [[80, 86], [110, 111], [112, 113], [120, 121], [152, 153], [152, 157], [179, 180], [179, 181], [181, 182], [181, 184], [215, 216], [215, 218], [261, 267], [291, 292], [293, 294], [329, 330], [329, 334], [356, 357], [356, 358], [358, 359], [358, 361], [397, 398], [397, 403], [427, 428], [427, 429], [429, 430], [429, 432], [468, 469], [468, 474], [498, 499], [498, 500], [500, 501], [500, 503]]}}}, "src/pysophoscentralapi/cli/config.py": {"executed_lines": [1, 3, 5, 7, 10, 11, 15, 16, 21, 27, 33, 39, 52, 55, 58, 61, 64, 87, 89, 90, 91, 96, 97, 103, 110, 113, 116, 118, 124, 125, 127, 128, 129, 130, 131, 133, 135, 136, 139, 140], "summary": {"covered_lines": 39, "num_statements": 47, "percent_covered": 80.70175438596492, "percent_covered_display": "81", "missing_lines": 8, "excluded_lines": 0, "num_branches": 10, "num_partial_branches": 3, "covered_branches": 7, "missing_branches": 3}, "missing_lines": [56, 114, 119, 120, 121, 147, 148, 149], "excluded_lines": [], "executed_branches": [[55, 58], [113, 116], [118, 124], [128, 129], [128, 135], [129, 130], [129, 133]], "missing_branches": [[55, 56], [113, 114], [118, 119]], "functions": {"config": {"executed_lines": [], "summary": {"covered_lines": 0, "num_statements": 0, "percent_covered": 100.0, "percent_covered_display": "100", "missing_lines": 0, "excluded_lines": 0, "num_branches": 0, "num_partial_branches": 0, "covered_branches": 0, "missing_branches": 0}, "missing_lines": [], "excluded_lines": [], "executed_branches": [], "missing_branches": []}, "init": {"executed_lines": [52, 55, 58, 61, 64, 87, 89, 90, 91], "summary": {"covered_lines": 9, "num_statements": 10, "percent_covered": 83.33333333333333, "percent_covered_display": "83", "missing_lines": 1, "excluded_lines": 0, "num_branches": 2, "num_partial_branches": 1, "covered_branches": 1, "missing_branches": 1}, "missing_lines": [56], "excluded_lines": [], "executed_branches": [[55, 58]], "missing_branches": [[55, 56]]}, "show": {"executed_lines": [110, 113, 116, 118, 124, 125, 127, 128, 129, 130, 131, 133, 135, 136], "summary": {"covered_lines": 14, "num_statements": 18, "percent_covered": 76.92307692307692, "percent_covered_display": "77", "missing_lines": 4, "excluded_lines": 0, "num_branches": 8, "num_partial_branches": 2, "covered_branches": 6, "missing_branches": 2}, "missing_lines": [114, 119, 120, 121], "excluded_lines": [], "executed_branches": [[113, 116], [118, 124], [128, 129], [128, 135], [129, 130], [129, 133]], "missing_branches": [[113, 114], [118, 119]]}, "test": {"executed_lines": [], "summary": {"covered_lines": 0, "num_statements": 3, "percent_covered": 0.0, "percent_covered_display": "0", "missing_lines": 3, "excluded_lines": 0, "num_branches": 0, "num_partial_branches": 0, "covered_branches": 0, "missing_branches": 0}, "missing_lines": [147, 148, 149], "excluded_lines": [], "executed_branches": [], "missing_branches": []}, "": {"executed_lines": [1, 3, 5, 7, 10, 11, 15, 16, 21, 27, 33, 39, 96, 97, 103, 139, 140], "summary": {"covered_lines": 16, "num_statements": 16, "percent_covered": 100.0, "percent_covered_display": "100", "missing_lines": 0, "excluded_lines": 0, "num_branches": 0, "num_partial_branches": 0, "covered_branches": 0, "missing_branches": 0}, "missing_lines": [], "excluded_lines": [], "executed_branches": [], "missing_branches": []}}, "classes": {"": {"executed_lines": [1, 3, 5, 7, 10, 11, 15, 16, 21, 27, 33, 39, 52, 55, 58, 61, 64, 87, 89, 90, 91, 96, 97, 103, 110, 113, 116, 118, 124, 125, 127, 128, 129, 130, 131, 133, 135, 136, 139, 140], "summary": {"covered_lines": 39, "num_statements": 47, "percent_covered": 80.70175438596492, "percent_covered_display": "81", "missing_lines": 8, "excluded_lines": 0, "num_branches": 10, "num_partial_branches": 3, "covered_branches": 7, "missing_branches": 3}, "missing_lines": [56, 114, 119, 120, 121, 147, 148, 149], "excluded_lines": [], "executed_branches": [[55, 58], [113, 116], [118, 124], [128, 129], [128, 135], [129, 130], [129, 133]], "missing_branches": [[55, 56], [113, 114], [118, 119]]}}}, "src/pysophoscentralapi/cli/endpoint_cmds.py": {"executed_lines": [1, 3, 5, 7, 8, 9, 10, 16, 17, 18, 21, 22, 26, 27, 28, 29, 34, 39, 45, 51, 52, 71, 74, 75, 80, 81, 89, 90, 91, 96, 97, 127, 128, 131, 132, 133, 136, 138, 141, 142, 143, 144, 145, 146, 206, 207, 208, 209, 213, 214, 226, 229, 230, 235, 236, 237, 258, 259, 263, 264, 265, 266, 272, 273, 325, 326, 327, 328, 332, 333, 385, 386, 390, 391, 392, 393, 394, 395, 409, 412, 413, 418, 419, 420, 442, 445, 447, 450, 452, 455, 456, 457, 458, 463, 469, 470], "summary": {"covered_lines": 95, "num_statements": 226, "percent_covered": 38.970588235294116, "percent_covered_display": "39", "missing_lines": 131, "excluded_lines": 0, "num_branches": 46, "num_partial_branches": 9, "covered_branches": 11, "missing_branches": 35}, "missing_lines": [76, 77, 82, 83, 84, 85, 86, 92, 93, 94, 100, 102, 103, 104, 107, 113, 114, 115, 116, 119, 120, 121, 122, 124, 134, 160, 163, 164, 165, 166, 169, 170, 171, 174, 176, 177, 178, 181, 187, 188, 190, 193, 196, 197, 198, 199, 201, 203, 231, 232, 240, 242, 243, 244, 247, 253, 254, 256, 260, 285, 288, 289, 290, 291, 294, 295, 296, 299, 301, 302, 303, 306, 312, 313, 315, 317, 318, 320, 345, 348, 349, 350, 351, 354, 355, 356, 359, 361, 362, 363, 366, 372, 373, 375, 377, 379, 380, 382, 414, 415, 423, 425, 426, 427, 430, 436, 437, 439, 446, 448, 484, 487, 488, 489, 490, 493, 494, 495, 500, 502, 503, 504, 507, 513, 514, 518, 520, 521, 523, 524, 526], "excluded_lines": [], "executed_branches": [[81, 89], [89, 90], [91, 96], [131, 132], [131, 133], [133, 136], [235, 236], [259, -206], [418, 419], [445, 447], [447, 450]], "missing_branches": [[81, 82], [83, 84], [83, 85], [85, 86], [85, 89], [89, 100], [91, 92], [93, 94], [93, 127], [114, 115], [114, 121], [116, 119], [116, 120], [133, 134], [169, 170], [169, 174], [196, 197], [196, 198], [198, 199], [198, 201], [235, 240], [259, 260], [294, 295], [294, 299], [354, 355], [354, 359], [379, 380], [379, 382], [418, 423], [445, 446], [447, 448], [493, 494], [493, 500], [523, 524], [523, 526]], "functions": {"endpoint": {"executed_lines": [], "summary": {"covered_lines": 0, "num_statements": 0, "percent_covered": 100.0, "percent_covered_display": "100", "missing_lines": 0, "excluded_lines": 0, "num_branches": 0, "num_partial_branches": 0, "covered_branches": 0, "missing_branches": 0}, "missing_lines": [], "excluded_lines": [], "executed_branches": [], "missing_branches": []}, "endpoint_list": {"executed_lines": [71, 74, 75, 80, 81, 89, 90, 91, 96, 97, 127, 128, 131, 132, 133, 136, 138], "summary": {"covered_lines": 17, "num_statements": 42, "percent_covered": 37.096774193548384, "percent_covered_display": "37", "missing_lines": 25, "excluded_lines": 0, "num_branches": 20, "num_partial_branches": 4, "covered_branches": 6, "missing_branches": 14}, "missing_lines": [76, 77, 82, 83, 84, 85, 86, 92, 93, 94, 100, 102, 103, 104, 107, 113, 114, 115, 116, 119, 120, 121, 122, 124, 134], "excluded_lines": [], "executed_branches": [[81, 89], [89, 90], [91, 96], [131, 132], [131, 133], [133, 136]], "missing_branches": [[81, 82], [83, 84], [83, 85], [85, 86], [85, 89], [89, 100], [91, 92], [93, 94], [93, 127], [114, 115], [114, 121], [116, 119], [116, 120], [133, 134]]}, "endpoint_get": {"executed_lines": [], "summary": {"covered_lines": 0, "num_statements": 23, "percent_covered": 0.0, "percent_covered_display": "0", "missing_lines": 23, "excluded_lines": 0, "num_branches": 6, "num_partial_branches": 0, "covered_branches": 0, "missing_branches": 6}, "missing_lines": [160, 163, 164, 165, 166, 169, 170, 171, 174, 176, 177, 178, 181, 187, 188, 190, 193, 196, 197, 198, 199, 201, 203], "excluded_lines": [], "executed_branches": [], "missing_branches": [[169, 170], [169, 174], [196, 197], [196, 198], [198, 199], [198, 201]]}, "scan": {"executed_lines": [226, 229, 230, 235, 236, 237, 258, 259], "summary": {"covered_lines": 8, "num_statements": 19, "percent_covered": 43.47826086956522, "percent_covered_display": "43", "missing_lines": 11, "excluded_lines": 0, "num_branches": 4, "num_partial_branches": 2, "covered_branches": 2, "missing_branches": 2}, "missing_lines": [231, 232, 240, 242, 243, 244, 247, 253, 254, 256, 260], "excluded_lines": [], "executed_branches": [[235, 236], [259, -206]], "missing_branches": [[235, 240], [259, 260]]}, "isolate": {"executed_lines": [], "summary": {"covered_lines": 0, "num_statements": 19, "percent_covered": 0.0, "percent_covered_display": "0", "missing_lines": 19, "excluded_lines": 0, "num_branches": 2, "num_partial_branches": 0, "covered_branches": 0, "missing_branches": 2}, "missing_lines": [285, 288, 289, 290, 291, 294, 295, 296, 299, 301, 302, 303, 306, 312, 313, 315, 317, 318, 320], "excluded_lines": [], "executed_branches": [], "missing_branches": [[294, 295], [294, 299]]}, "unisolate": {"executed_lines": [], "summary": {"covered_lines": 0, "num_statements": 20, "percent_covered": 0.0, "percent_covered_display": "0", "missing_lines": 20, "excluded_lines": 0, "num_branches": 4, "num_partial_branches": 0, "covered_branches": 0, "missing_branches": 4}, "missing_lines": [345, 348, 349, 350, 351, 354, 355, 356, 359, 361, 362, 363, 366, 372, 373, 375, 377, 379, 380, 382], "excluded_lines": [], "executed_branches": [], "missing_branches": [[354, 355], [354, 359], [379, 380], [379, 382]]}, "tamper": {"executed_lines": [], "summary": {"covered_lines": 0, "num_statements": 0, "percent_covered": 100.0, "percent_covered_display": "100", "missing_lines": 0, "excluded_lines": 0, "num_branches": 0, "num_partial_branches": 0, "covered_branches": 0, "missing_branches": 0}, "missing_lines": [], "excluded_lines": 
[...]
171], "excluded_lines": [], "executed_branches": [], "missing_branches": []}, "RolesAPISync.create_role": {"executed_lines": [], "summary": {"covered_lines": 0, "num_statements": 1, "percent_covered": 0.0, "percent_covered_display": "0", "missing_lines": 1, "excluded_lines": 0, "num_branches": 0, "num_partial_branches": 0, "covered_branches": 0, "missing_branches": 0}, "missing_lines": [180], "excluded_lines": [], "executed_branches": [], "missing_branches": []}, "RolesAPISync.update_role": {"executed_lines": [], "summary": {"covered_lines": 0, "num_statements": 1, "percent_covered": 0.0, "percent_covered_display": "0", "missing_lines": 1, "excluded_lines": 0, "num_branches": 0, "num_partial_branches": 0, "covered_branches": 0, "missing_branches": 0}, "missing_lines": [190], "excluded_lines": [], "executed_branches": [], "missing_branches": []}, "RolesAPISync.delete_role": {"executed_lines": [], "summary": {"covered_lines": 0, "num_statements": 1, "percent_covered": 0.0, "percent_covered_display": "0", "missing_lines": 1, "excluded_lines": 0, "num_branches": 0, "num_partial_branches": 0, "covered_branches": 0, "missing_branches": 0}, "missing_lines": [196], "excluded_lines": [], "executed_branches": [], "missing_branches": []}, "CommonAPISync.__init__": {"executed_lines": [], "summary": {"covered_lines": 0, "num_statements": 4, "percent_covered": 0.0, "percent_covered_display": "0", "missing_lines": 4, "excluded_lines": 0, "num_branches": 0, "num_partial_branches": 0, "covered_branches": 0, "missing_branches": 0}, "missing_lines": [223, 224, 225, 226], "excluded_lines": [], "executed_branches": [], "missing_branches": []}, "": {"executed_lines": [1, 6, 8, 9, 10, 18, 19, 20, 21, 22, 23, 26, 27, 29, 37, 44, 48, 57, 67, 68, 70, 78, 85, 89, 99, 100, 102, 110, 114, 118, 133, 149, 154, 155, 157, 165, 169, 173, 182, 194, 199, 200, 217], "summary": {"covered_lines": 37, "num_statements": 37, "percent_covered": 100.0, "percent_covered_display": "100", "missing_lines": 0, "excluded_lines": 0, "num_branches": 0, "num_partial_branches": 0, "covered_branches": 0, "missing_branches": 0}, "missing_lines": [], "excluded_lines": [], "executed_branches": [], "missing_branches": []}}, "classes": {"AlertsAPISync": {"executed_lines": [], "summary": {"covered_lines": 0, "num_statements": 9, "percent_covered": 0.0, "percent_covered_display": "0", "missing_lines": 9, "excluded_lines": 0, "num_branches": 2, "num_partial_branches": 0, "covered_branches": 0, "missing_branches": 2}, "missing_lines": [31, 32, 33, 35, 42, 46, 55, 63, 64], "excluded_lines": [], "executed_branches": [], "missing_branches": [[31, 32], [31, 35]]}, "TenantsAPISync": {"executed_lines": [], "summary": {"covered_lines": 0, "num_statements": 8, "percent_covered": 0.0, "percent_covered_display": "0", "missing_lines": 8, "excluded_lines": 0, "num_branches": 2, "num_partial_branches": 0, "covered_branches": 0, "missing_branches": 2}, "missing_lines": [72, 73, 74, 76, 83, 87, 95, 96], "excluded_lines": [], "executed_branches": [], "missing_branches": [[72, 73], [72, 76]]}, "AdminsAPISync": {"executed_lines": [], "summary": {"covered_lines": 0, "num_statements": 9, "percent_covered": 0.0, "percent_covered_display": "0", "missing_lines": 9, "excluded_lines": 0, "num_branches": 2, "num_partial_branches": 0, "covered_branches": 0, "missing_branches": 2}, "missing_lines": [104, 105, 106, 108, 112, 116, 127, 143, 151], "excluded_lines": [], "executed_branches": [], "missing_branches": [[104, 105], [104, 108]]}, "RolesAPISync": {"executed_lines": [], "summary": {"covered_lines": 0, "num_statements": 9, "percent_covered": 0.0, "percent_covered_display": "0", "missing_lines": 9, "excluded_lines": 0, "num_branches": 2, "num_partial_branches": 0, "covered_branches": 0, "missing_branches": 2}, "missing_lines": [159, 160, 161, 163, 167, 171, 180, 190, 196], "excluded_lines": [], "executed_branches": [], "missing_branches": [[159, 160], [159, 163]]}, "CommonAPISync": {"executed_lines": [], "summary": {"covered_lines": 0, "num_statements": 4, "percent_covered": 0.0, "percent_covered_display": "0", "missing_lines": 4, "excluded_lines": 0, "num_branches": 0, "num_partial_branches": 0, "covered_branches": 0, "missing_branches": 0}, "missing_lines": [223, 224, 225, 226], "excluded_lines": [], "executed_branches": [], "missing_branches": []}, "": {"executed_lines": [1, 6, 8, 9, 10, 18, 19, 20, 21, 22, 23, 26, 27, 29, 37, 44, 48, 57, 67, 68, 70, 78, 85, 89, 99, 100, 102, 110, 114, 118, 133, 149, 154, 155, 157, 165, 169, 173, 182, 194, 199, 200, 217], "summary": {"covered_lines": 37, "num_statements": 37, "percent_covered": 100.0, "percent_covered_display": "100", "missing_lines": 0, "excluded_lines": 0, "num_branches": 0, "num_partial_branches": 0, "covered_branches": 0, "missing_branches": 0}, "missing_lines": [], "excluded_lines": [], "executed_branches": [], "missing_branches": []}}}, "src/pysophoscentralapi/sync/endpoint.py": {"executed_lines": [1, 6, 8, 9, 16, 17, 18, 19, 22, 23, 38, 50, 64, 75, 91, 102, 119, 135, 151, 167, 181, 203], "summary": {"covered_lines": 20, "num_statements": 36, "percent_covered": 52.63157894736842, "percent_covered_display": "53", "missing_lines": 16, "excluded_lines": 0, "num_branches": 2, "num_partial_branches": 0, "covered_branches": 0, "missing_branches": 2}, "missing_lines": [44, 45, 46, 48, 62, 73, 89, 100, 116, 117, 133, 149, 165, 179, 197, 215], "excluded_lines": [], "executed_branches": [], "missing_branches": [[44, 45], [44, 48]], "functions": {"EndpointAPISync.__init__": {"executed_lines": [], "summary": {"covered_lines": 0, "num_statements": 4, "percent_covered": 0.0, "percent_covered_display": "0", "missing_lines": 4, "excluded_lines": 0, "num_branches": 2, "num_partial_branches": 0, "covered_branches": 0, "missing_branches": 2}, "missing_lines": [44, 45, 46, 48], "excluded_lines": [], "executed_branches": [], "missing_branches": [[44, 45], [44, 48]]}, "EndpointAPISync.list_endpoints": {"executed_lines": [], "summary": {"covered_lines": 0, "num_statements": 1, "percent_covered": 0.0, "percent_covered_display": "0", "missing_lines": 1, "excluded_lines": 0, "num_branches": 0, "num_partial_branches": 0, "covered_branches": 0, "missing_branches": 0}, "missing_lines": [62], "excluded_lines": [], "executed_branches": [], "missing_branches": []}, "EndpointAPISync.get_endpoint": {"executed_lines": [], "summary": {"covered_lines": 0, "num_statements": 1, "percent_covered": 0.0, "percent_covered_display": "0", "missing_lines": 1, "excluded_lines": 0, "num_branches": 0, "num_partial_branches": 0, "covered_branches": 0, "missing_branches": 0}, "missing_lines": [73], "excluded_lines": [], "executed_branches": [], "missing_branches": []}, "EndpointAPISync.update_endpoint": {"executed_lines": [], "summary": {"covered_lines": 0, "num_statements": 1, "percent_covered": 0.0, "percent_covered_display": "0", "missing_lines": 1, "excluded_lines": 0, "num_branches": 0, "num_partial_branches": 0, "covered_branches": 0, "missing_branches": 0}, "missing_lines": [89], "excluded_lines": [], "executed_branches": [], "missing_branches": []}, "EndpointAPISync.delete_endpoint": {"executed_lines": [], "summary": {"covered_lines": 0, "num_statements": 1, "percent_covered": 0.0, "percent_covered_display": "0", "missing_lines": 1, "excluded_lines": 0, "num_branches": 0, "num_partial_branches": 0, "covered_branches": 0, "missing_branches": 0}, "missing_lines": [100], "excluded_lines": [], "executed_branches": [], "missing_branches": []}, "EndpointAPISync.paginate_endpoints": {"executed_lines": [], "summary": {"covered_lines": 0, "num_statements": 2, "percent_covered": 0.0, "percent_covered_display": "0", "missing_lines": 2, "excluded_lines": 0, "num_branches": 0, "num_partial_branches": 0, "covered_branches": 0, "missing_branches": 0}, "missing_lines": [116, 117], "excluded_lines": [], "executed_branches": [], "missing_branches": []}, "EndpointAPISync.scan_endpoint": {"executed_lines": [], "summary": {"covered_lines": 0, "num_statements": 1, "percent_covered": 0.0, "percent_covered_display": "0", "missing_lines": 1, "excluded_lines": 0, "num_branches": 0, "num_partial_branches": 0, "covered_branches": 0, "missing_branches": 0}, "missing_lines": [133], "excluded_lines": [], "executed_branches": [], "missing_branches": []}, "EndpointAPISync.isolate_endpoint": {"executed_lines": [], "summary": {"covered_lines": 0, "num_statements": 1, "percent_covered": 0.0, "percent_covered_display": "0", "missing_lines": 1, "excluded_lines": 0, "num_branches": 0, "num_partial_branches": 0, "covered_branches": 0, "missing_branches": 0}, "missing_lines": [149], "excluded_lines": [], "executed_branches": [], "missing_branches": []}, "EndpointAPISync.unisolate_endpoint": {"executed_lines": [], "summary": {"covered_lines": 0, "num_statements": 1, "percent_covered": 0.0, "percent_covered_display": "0", "missing_lines": 1, "excluded_lines": 0, "num_branches": 0, "num_partial_branches": 0, "covered_branches": 0, "missing_branches": 0}, "missing_lines": [165], "excluded_lines": [], "executed_branches": [], "missing_branches": []}, "EndpointAPISync.get_tamper_protection": {"executed_lines": [], "summary": {"covered_lines": 0, "num_statements": 1, "percent_covered": 0.0, "percent_covered_display": "0", "missing_lines": 1, "excluded_lines": 0, "num_branches": 0, "num_partial_branches": 0, "covered_branches": 0, "missing_branches": 0}, "missing_lines": [179], "excluded_lines": [], "executed_branches": [], "missing_branches": []}, "EndpointAPISync.update_tamper_protection": {"executed_lines": [], "summary": {"covered_lines": 0, "num_statements": 1, "percent_covered": 0.0, "percent_covered_display": "0", "missing_lines": 1, "excluded_lines": 0, "num_branches": 0, "num_partial_branches": 0, "covered_branches": 0, "missing_branches": 0}, "missing_lines": [197], "excluded_lines": [], "executed_branches": [], "missing_branches": []}, "EndpointAPISync.get_tamper_protection_password": {"executed_lines": [], "summary": {"covered_lines": 0, "num_statements": 1, "percent_covered": 0.0, "percent_covered_display": "0", "missing_lines": 1, "excluded_lines": 0, "num_branches": 0, "num_partial_branches": 0, "covered_branches": 0, "missing_branches": 0}, "missing_lines": [215], "excluded_lines": [], "executed_branches": [], "missing_branches": []}, "": {"executed_lines": [1, 6, 8, 9, 16, 17, 18, 19, 22, 23, 38, 50, 64, 75, 91, 102, 119, 135, 151, 167, 181, 203], "summary": {"covered_lines": 20, "num_statements": 20, "percent_covered": 100.0, "percent_covered_display": "100", "missing_lines": 0, "excluded_lines": 0, "num_branches": 0, "num_partial_branches": 0, "covered_branches": 0, "missing_branches": 0}, "missing_lines": [], "excluded_lines": [], "executed_branches": [], "missing_branches": []}}, "classes": {"EndpointAPISync": {"executed_lines": [], "summary": {"covered_lines": 0, "num_statements": 16, "percent_covered": 0.0, "percent_covered_display": "0", "missing_lines": 16, "excluded_lines": 0, "num_branches": 2, "num_partial_branches": 0, "covered_branches": 0, "missing_branches": 2}, "missing_lines": [44, 45, 46, 48, 62, 73, 89, 100, 116, 117, 133, 149, 165, 179, 197, 215], "excluded_lines": [], "executed_branches": [], "missing_branches": [[44, 45], [44, 48]]}, "": {"executed_lines": [1, 6, 8, 9, 16, 17, 18, 19, 22, 23, 38, 50, 64, 75, 91, 102, 119, 135, 151, 167, 181, 203], "summary": {"covered_lines": 20, "num_statements": 20, "percent_covered": 100.0, "percent_covered_display": "100", "missing_lines": 0, "excluded_lines": 0, "num_branches": 0, "num_partial_branches": 0, "covered_branches": 0, "missing_branches": 0}, "missing_lines": [], "excluded_lines": [], "executed_branches": [], "missing_branches": []}}}, "src/pysophoscentralapi/sync/pagination.py": {"executed_lines": [1, 6, 7, 9, 10, 13, 16, 17, 32, 40, 41, 45, 46, 50, 51, 55, 56, 60, 81], "summary": {"covered_lines": 17, "num_statements": 36, "percent_covered": 42.5, "percent_covered_display": "42", "missing_lines": 19, "excluded_lines": 0, "num_branches": 4, "num_partial_branches": 0, "covered_branches": 0, "missing_branches": 4}, "missing_lines": [38, 43, 48, 53, 58, 72, 73, 74, 75, 76, 78, 79, 93, 94, 95, 96, 97, 99, 100], "excluded_lines": [], "executed_branches": [], "missing_branches": [[74, 75], [74, 76], [95, 96], [95, 97]], "functions": {"PaginatorSync.__init__": {"executed_lines": [], "summary": {"covered_lines": 0, "num_statements": 1, "percent_covered": 0.0, "percent_covered_display": "0", "missing_lines": 1, "excluded_lines": 0, "num_branches": 0, "num_partial_branches": 0, "covered_branches": 0, "missing_branches": 0}, "missing_lines": [38], "excluded_lines": [], "executed_branches": [], "missing_branches": []}, "PaginatorSync.page_size": {"executed_lines": [], "summary": {"covered_lines": 0, "num_statements": 1, "percent_covered": 0.0, "percent_covered_display": "0", "missing_lines": 1, "excluded_lines": 0, "num_branches": 0, "num_partial_branches": 0, "covered_branches": 0, "missing_branches": 0}, "missing_lines": [43], "excluded_lines": [], "executed_branches": [], "missing_branches": []}, "PaginatorSync.max_pages": {"executed_lines": [], "summary": {"covered_lines": 0, "num_statements": 1, "percent_covered": 0.0, "percent_covered_display": "0", "missing_lines": 1, "excluded_lines": 0, "num_branches": 0, "num_partial_branches": 0, "covered_branches": 0, "missing_branches": 0}, "missing_lines": [48], "excluded_lines": [], "executed_branches": [], "missing_branches": []}, "PaginatorSync.pages_fetched": {"executed_lines": [], "summary": {"covered_lines": 0, "num_statements": 1, "percent_covered": 0.0, "percent_covered_display": "0", "missing_lines": 1, "excluded_lines": 0, "num_branches": 0, "num_partial_branches": 0, "covered_branches": 0, "missing_branches": 0}, "missing_lines": [53], "excluded_lines": [], "executed_branches": [], "missing_branches": []}, "PaginatorSync.items_fetched": {"executed_lines": [], "summary": {"covered_lines": 0, "num_statements": 1, "percent_covered": 0.0, "percent_covered_display": "0", "missing_lines": 1, "excluded_lines": 0, "num_branches": 0, "num_partial_branches": 0, "covered_branches": 0, "missing_branches": 0}, "missing_lines": [58], "excluded_lines": [], "executed_branches": [], "missing_branches": []}, "PaginatorSync.iter_pages": {"executed_lines": [], "summary": {"covered_lines": 0, "num_statements": 3, "percent_covered": 0.0, "percent_covered_display": "0", "missing_lines": 3, "excluded_lines": 0, "num_branches": 0, "num_partial_branches": 0, "covered_branches": 0, "missing_branches": 0}, "missing_lines": [72, 78, 79], "excluded_lines": [], "executed_branches": [], "missing_branches": []}, "PaginatorSync.iter_pages.async_iter": {"executed_lines": [], "summary": {"covered_lines": 0, "num_statements": 4, "percent_covered": 0.0, "percent_covered_display": "0", "missing_lines": 4, "excluded_lines": 0, "num_branches": 2, "num_partial_branches": 0, "covered_branches": 0, "missing_branches": 2}, "missing_lines": [73, 74, 75, 76], "excluded_lines": [], "executed_branches": [], "missing_branches": [[74, 75], [74, 76]]}, "PaginatorSync.iter_items": {"executed_lines": [], "summary": {"covered_lines": 0, "num_statements": 3, "percent_covered": 0.0, "percent_covered_display": "0", "missing_lines": 3, "excluded_lines": 0, "num_branches": 0, "num_partial_branches": 0, "covered_branches": 0, "missing_branches": 0}, "missing_lines": [93, 99, 100], "excluded_lines": [], "executed_branches": [], "missing_branches": []}, "PaginatorSync.iter_items.async_iter": {"executed_lines": [], "summary": {"covered_lines": 0, "num_statements": 4, "percent_covered": 0.0, "percent_covered_display": "0", "missing_lines": 4, "excluded_lines": 0, "num_branches": 2, "num_partial_branches": 0, "covered_branches": 0, "missing_branches": 2}, "missing_lines": [94, 95, 96, 97], "excluded_lines": [], "executed_branches": [], "missing_branches": [[95, 96], [95, 97]]}, "": {"executed_lines": [1, 6, 7, 9, 10, 13, 16, 17, 32, 40, 41, 45, 46, 50, 51, 55, 56, 60, 81], "summary": {"covered_lines": 17, "num_statements": 17, "percent_covered": 100.0, "percent_covered_display": "100", "missing_lines": 0, "excluded_lines": 0, "num_branches": 0, "num_partial_branches": 0, "covered_branches": 0, "missing_branches": 0}, "missing_lines": [], "excluded_lines": [], "executed_branches": [], "missing_branches": []}}, "classes": {"PaginatorSync": {"executed_lines": [], "summary": {"covered_lines": 0, "num_statements": 19, "percent_covered": 0.0, "percent_covered_display": "0", "missing_lines": 19, "excluded_lines": 0, "num_branches": 4, "num_partial_branches": 0, "covered_branches": 0, "missing_branches": 4}, "missing_lines": [38, 43, 48, 53, 58, 72, 73, 74, 75, 76, 78, 79, 93, 94, 95, 96, 97, 99, 100], "excluded_lines": [], "executed_branches": [], "missing_branches": [[74, 75], [74, 76], [95, 96], [95, 97]]}, "": {"executed_lines": [1, 6, 7, 9, 10, 13, 16, 17, 32, 40, 41, 45, 46, 50, 51, 55, 56, 60, 81], "summary": {"covered_lines": 17, "num_statements": 17, "percent_covered": 100.0, "percent_covered_display": "100", "missing_lines": 0, "excluded_lines": 0, "num_branches": 0, "num_partial_branches": 0, "covered_branches": 0, "missing_branches": 0}, "missing_lines": [], "excluded_lines": [], "executed_branches": [], "missing_branches": []}}}, "src/pysophoscentralapi/sync/utils.py": {"executed_lines": [1, 6, 7, 8, 11, 14, 33, 36], "summary": {"covered_lines": 7, "num_statements": 10, "percent_covered": 70.0, "percent_covered_display": "70", "missing_lines": 3, "excluded_lines": 1, "num_branches": 0, "num_partial_branches": 0, "covered_branches": 0, "missing_branches": 0}, "missing_lines": [62, 63, 65], "excluded_lines": [37], "executed_branches": [], "missing_branches": [], "functions": {"run_async": {"executed_lines": [33], "summary": {"covered_lines": 1, "num_statements": 1, "percent_covered": 100.0, "percent_covered_display": "100", "missing_lines": 0, "excluded_lines": 0, "num_branches": 0, "num_partial_branches": 0, "covered_branches": 0, "missing_branches": 0}, "missing_lines": [], "excluded_lines": [], "executed_branches": [], "missing_branches": []}, "sync_wrapper": {"executed_lines": [], "summary": {"covered_lines": 0, "num_statements": 2, "percent_covered": 0.0, "percent_covered_display": "0", "missing_lines": 2, "excluded_lines": 1, "num_branches": 0, "num_partial_branches": 0, "covered_branches": 0, "missing_branches": 0}, "missing_lines": [62, 65], "excluded_lines": [37], "executed_branches": [], "missing_branches": []}, "sync_wrapper.wrapper": {"executed_lines": [], "summary": {"covered_lines": 0, "num_statements": 1, "percent_covered": 0.0, "percent_covered_display": "0", "missing_lines": 1, "excluded_lines": 0, "num_branches": 0, "num_partial_branches": 0, "covered_branches": 0, "missing_branches": 0}, "missing_lines": [63], "excluded_lines": [], "executed_branches": [], "missing_branches": []}, "": {"executed_lines": [1, 6, 7, 8, 11, 14, 36], "summary": {"covered_lines": 6, "num_statements": 6, "percent_covered": 100.0, "percent_covered_display": "100", "missing_lines": 0, "excluded_lines": 0, "num_branches": 0, "num_partial_branches": 0, "covered_branches": 0, "missing_branches": 0}, "missing_lines": [], "excluded_lines": [], "executed_branches": [], "missing_branches": []}}, "classes": {"": {"executed_lines": [1, 6, 7, 8, 11, 14, 33, 36], "summary": {"covered_lines": 7, "num_statements": 10, "percent_covered": 70.0, "percent_covered_display": "70", "missing_lines": 3, "excluded_lines": 1, "num_branches": 0, "num_partial_branches": 0, "covered_branches": 0, "missing_branches": 0}, "missing_lines": [62, 63, 65], "excluded_lines": [37], "executed_branches": [], "missing_branches": []}}}}, "totals": {"covered_lines": 1649, "num_statements": 2368, "percent_covered": 66.68989547038328, "percent_covered_display": "67", "missing_lines": 719, "excluded_lines": 2, "num_branches": 502, "num_partial_branches": 65, "covered_branches": 265, "missing_branches": 237}}